<?xml version="1.0" encoding="UTF-8"?>
<testng-results skipped="0" failed="0" total="1" passed="1">
  <reporter-output>
    <line>
      <![CDATA[</b><details><summary>Click to see last screen...</summary> <br></b>]]>
    </line>
    <line>
      <![CDATA[Открыть http://suptest.groupstp.ru/app/#! <br>]]>
    </line>
    <line>
      <![CDATA[</details></b>]]>
    </line>
    <line>
      <![CDATA[<a href=..\videos\smoke1.avi download="filename">Download video</a>]]>
    </line>
    <line>
      <![CDATA[<br><b><div align="left" style=" height:30px; width:250px; padding: 10px;  border: 2px solid gray; margin: 0; background-color:#19FF3A;">Class - TestCase1 TEST - smoke1 OK! chrome</div></b>]]>
    </line>
  </reporter-output>
  <suite name="SMOKE TESTS SUPPLY" duration-ms="25708" started-at="2019-03-06T07:35:50Z" finished-at="2019-03-06T07:36:16Z">
    <groups>
      <group name="smoke">
        <method signature="TestCase1.smoke1(java.lang.String, java.lang.String)[pri:1, instance:[TestCase1 passed=0 failed=0 skipped=0]]" name="smoke1" class="com.tests.regress.TestCase1"/>
      </group> <!-- smoke -->
    </groups>
    <test name="SMOKE TESTS" duration-ms="25708" started-at="2019-03-06T07:35:50Z" finished-at="2019-03-06T07:36:16Z">
      <class name="com.tests.regress.TestCase1">
        <test-method status="PASS" signature="cleanUp(java.lang.String, java.lang.String, java.lang.String, java.lang.String, java.lang.String, java.lang.String)[pri:0, instance:[TestCase1 passed=0 failed=0 skipped=0]]" name="cleanUp" is-config="true" duration-ms="12073" started-at="2019-03-06T10:35:38Z" finished-at="2019-03-06T10:35:50Z">
          <params>
            <param index="0">
              <value>
                <![CDATA[t.postavshik1@gmail.com]]>
              </value>
            </param>
            <param index="1">
              <value>
                <![CDATA[t.postavshik2@gmail.com]]>
              </value>
            </param>
            <param index="2">
              <value>
                <![CDATA[t.postavshik3@gmail.com]]>
              </value>
            </param>
            <param index="3">
              <value>
                <![CDATA[postavshik]]>
              </value>
            </param>
            <param index="4">
              <value>
                <![CDATA[s.testovoikompanii1@gmail.com]]>
              </value>
            </param>
            <param index="5">
              <value>
                <![CDATA[testovoikompanii1]]>
              </value>
            </param>
          </params>
          <reporter-output>
          </reporter-output>
        </test-method> <!-- cleanUp -->
        <test-method status="PASS" signature="setUp(java.lang.String, java.lang.String)[pri:0, instance:[TestCase1 passed=0 failed=0 skipped=0]]" name="setUp" is-config="true" duration-ms="7942" started-at="2019-03-06T10:35:50Z" finished-at="2019-03-06T10:35:58Z">
          <params>
            <param index="0">
              <value>
                <![CDATA[http://suptest.groupstp.ru/app/#!]]>
              </value>
            </param>
            <param index="1">
              <value>
                <![CDATA[test]]>
              </value>
            </param>
          </params>
          <reporter-output>
          </reporter-output>
        </test-method> <!-- setUp -->
        <test-method status="PASS" signature="startVideo(org.testng.ITestResult, java.lang.String, java.lang.String)[pri:0, instance:[TestCase1 passed=0 failed=0 skipped=0]]" name="startVideo" is-config="true" duration-ms="292" started-at="2019-03-06T10:35:58Z" finished-at="2019-03-06T10:35:58Z">
          <params>
            <param index="0">
              <value>
                <![CDATA[[TestResult name=smoke1 on [TestCase1 passed=0 failed=0 skipped=0] status=SUCCESS method=TestCase1.smoke1(java.lang.String, java.lang.String)[pri:1, instance:[TestCase1 passed=0 failed=0 skipped=0]] output=</details></b>]]]>
              </value>
            </param>
            <param index="1">
              <value>
                <![CDATA[chrome]]>
              </value>
            </param>
            <param index="2">
              <value>
                <![CDATA[http://suptest.groupstp.ru/app/#!]]>
              </value>
            </param>
          </params>
          <reporter-output>
            <line>
              <![CDATA[</b><details><summary>Click to see last screen...</summary> <br></b>]]>
            </line>
            <line>
              <![CDATA[Открыть http://suptest.groupstp.ru/app/#! <br>]]>
            </line>
          </reporter-output>
        </test-method> <!-- startVideo -->
        <test-method status="PASS" signature="smoke1(java.lang.String, java.lang.String)[pri:1, instance:[TestCase1 passed=0 failed=0 skipped=0]]" name="smoke1" duration-ms="13646" started-at="2019-03-06T10:35:58Z" finished-at="2019-03-06T10:36:12Z">
          <params>
            <param index="0">
              <value>
                <![CDATA[admin]]>
              </value>
            </param>
            <param index="1">
              <value>
                <![CDATA[1qaz2wsx]]>
              </value>
            </param>
          </params>
          <reporter-output>
            <line>
              <![CDATA[</details></b>]]>
            </line>
            <line>
              <![CDATA[<a href=..\videos\smoke1.avi download="filename">Download video</a>]]>
            </line>
            <line>
              <![CDATA[<br><b><div align="left" style=" height:30px; width:250px; padding: 10px;  border: 2px solid gray; margin: 0; background-color:#19FF3A;">Class - TestCase1 TEST - smoke1 OK! chrome</div></b>]]>
            </line>
          </reporter-output>
        </test-method> <!-- smoke1 -->
        <test-method status="PASS" signature="result(org.testng.ITestResult, java.lang.String)[pri:0, instance:[TestCase1 passed=0 failed=0 skipped=0]]" name="result" is-config="true" duration-ms="3123" started-at="2019-03-06T10:36:12Z" finished-at="2019-03-06T10:36:15Z">
          <params>
            <param index="0">
              <value>
                <![CDATA[[TestResult name=smoke1 on [TestCase1 passed=0 failed=0 skipped=0] status=SUCCESS method=TestCase1.smoke1(java.lang.String, java.lang.String)[pri:1, instance:[TestCase1 passed=0 failed=0 skipped=0]] output=</details></b>]]]>
              </value>
            </param>
            <param index="1">
              <value>
                <![CDATA[chrome]]>
              </value>
            </param>
          </params>
          <reporter-output>
          </reporter-output>
        </test-method> <!-- result -->
        <test-method status="PASS" signature="tearDown()[pri:0, instance:[TestCase1 passed=0 failed=0 skipped=0]]" name="tearDown" is-config="true" duration-ms="691" started-at="2019-03-06T10:36:15Z" finished-at="2019-03-06T10:36:16Z">
          <reporter-output>
          </reporter-output>
        </test-method> <!-- tearDown -->
      </class> <!-- com.tests.regress.TestCase1 -->
    </test> <!-- SMOKE TESTS -->
  </suite> <!-- SMOKE TESTS SUPPLY -->
</testng-results>
