<?xml version="1.0" encoding="UTF-8"?>
<!-- Generated by org.testng.reporters.JUnitXMLReporter -->
<testsuite hostname="DESKTOP-J47TJ88" ignored="0" name="SMOKE TESTS" tests="1" failures="1" timestamp="25 июл 2019 06:15:56 GMT" time="68.721" errors="0">
  <testcase name="smoke1 on [Smoke_tko_20 passed=0 failed=0 skipped=0]" time="61.283" classname="com.tests.smoke.Smoke_tko_20">
    <failure type="com.codeborne.selenide.ex.ElementShould" message="Element should be visible {By.xpath: //div[@class=&amp;apos;v-button v-widget friendly v-button-friendly icon v-button-icon&amp;apos;]}
Element: &amp;apos;&amp;lt;div class=&amp;quot;v-button v-widget friendly v-button-friendly icon v-button-icon&amp;quot; role=&amp;quot;button&amp;quot; tabindex=&amp;quot;0&amp;quot; displayed:false&amp;gt;&amp;lt;/div&amp;gt;&amp;apos;">
      <![CDATA[Element should be visible {By.xpath: //div[@class='v-button v-widget friendly v-button-friendly icon v-button-icon']}
Element: '<div class="v-button v-widget friendly v-button-friendly icon v-button-icon" role="button" tabindex="0" displayed:false></div>'
Screenshot: file:/C:/Users/Home/git/AutoTKO/TKO/build/reports/tests/1564035355493.0.png
Page source: file:/C:/Users/Home/git/AutoTKO/TKO/build/reports/tests/1564035355493.0.html
Timeout: 5 s.
at com.codeborne.selenide.impl.WebElementSource.checkCondition(WebElementSource.java:72)
at com.codeborne.selenide.commands.Should.should(Should.java:35)
at com.codeborne.selenide.commands.Should.execute(Should.java:29)
at com.codeborne.selenide.commands.Should.execute(Should.java:12)
at com.codeborne.selenide.commands.Commands.execute(Commands.java:144)
at com.codeborne.selenide.impl.SelenideElementProxy.dispatchAndRetry(SelenideElementProxy.java:99)
at com.codeborne.selenide.impl.SelenideElementProxy.invoke(SelenideElementProxy.java:65)
at com.sun.proxy.$Proxy10.waitUntil(Unknown Source)
at com.pages.tko_20_DeleteON.buttonApprove(tko_20_DeleteON.java:83)
at com.pages.tko_20_DeleteON.request(tko_20_DeleteON.java:185)
at com.pages.tko_20_DeleteON.DeleteON(tko_20_DeleteON.java:231)
at com.tests.smoke.Smoke_tko_20.smoke1(Smoke_tko_20.java:18)
... Removed 25 stack frames]]>
    </failure>
  </testcase> <!-- smoke1 on [Smoke_tko_20 passed=0 failed=0 skipped=0] -->
</testsuite> <!-- SMOKE TESTS -->
