<?xml version="1.0" encoding="UTF-8"?>
<!-- Generated by org.testng.reporters.JUnitXMLReporter -->
<testsuite hostname="DESKTOP-J47TJ88" ignored="0" name="SMOKE TESTS" tests="1" failures="1" timestamp="02 авг 2019 10:24:15 GMT" time="75.333" errors="0">
  <testcase name="smoke1 on [Smoke_tko_30 passed=0 failed=0 skipped=0]" time="63.325" classname="com.tests.smoke.Smoke_tko_30">
    <failure type="com.codeborne.selenide.ex.InvalidStateException" message="ElementClickInterceptedException: element click intercepted: Element &amp;lt;div tabindex=&amp;quot;0&amp;quot; role=&amp;quot;button&amp;quot; class=&amp;quot;v-button v-widget c-logout-button v-button-c-logout-button icon v-button-icon v-button-empty-caption&amp;quot;&amp;gt;...&amp;lt;/div&amp;gt; is not clickable at point (1889, 21). Other element would receive the click: &amp;lt;div class=&amp;quot;v-window-modalitycurtain&amp;quot; style=&amp;quot;z-index: 10000;&amp;quot;&amp;gt;&amp;lt;/div&amp;gt;
  (Session info: chrome=76.0.3809.87)
Build info: version: &amp;apos;3.141.59&amp;apos;, revision: &amp;apos;e82be7d358&amp;apos;, time: &amp;apos;2018-11-14T08:17:03&amp;apos;
System info: host: &amp;apos;DESKTOP-J47TJ88&amp;apos;, ip: &amp;apos;192.168.0.105&amp;apos;, os.name: &amp;apos;Windows 10&amp;apos;, os.arch: &amp;apos;amd64&amp;apos;, os.version: &amp;apos;10.0&amp;apos;, java.version: &amp;apos;1.8.0_201&amp;apos;
Driver info: org.openqa.selenium.chrome.ChromeDriver
Capabilities {acceptInsecureCerts: false, browserName: chrome, browserVersion: 76.0.3809.87, chrome: {chromedriverVersion: 75.0.3770.140 (2d9f97485c7b..., userDataDir: C:\Users\Home\AppData\Local...}, goog:chromeOptions: {debuggerAddress: localhost:56198}, javascriptEnabled: true, networkConnectionEnabled: false, pageLoadStrategy: normal, platform: XP, platformName: XP, proxy: Proxy(), setWindowRect: true, strictFileInteractability: false, timeouts: {implicit: 0, pageLoad: 300000, script: 30000}, unhandledPromptBehavior: dismiss and notify}
Session ID: 283e398106abb4f613c7f988892d01f3">
      <![CDATA[org.openqa.selenium.ElementClickInterceptedException: element click intercepted: Element <div tabindex="0" role="button" class="v-button v-widget c-logout-button v-button-c-logout-button icon v-button-icon v-button-empty-caption">...</div> is not clickable at point (1889, 21). Other element would receive the click: <div class="v-window-modalitycurtain" style="z-index: 10000;"></div>
  (Session info: chrome=76.0.3809.87)
Build info: version: '3.141.59', revision: 'e82be7d358', time: '2018-11-14T08:17:03'
System info: host: 'DESKTOP-J47TJ88', ip: '192.168.0.105', os.name: 'Windows 10', os.arch: 'amd64', os.version: '10.0', java.version: '1.8.0_201'
Driver info: org.openqa.selenium.chrome.ChromeDriver
Capabilities {acceptInsecureCerts: false, browserName: chrome, browserVersion: 76.0.3809.87, chrome: {chromedriverVersion: 75.0.3770.140 (2d9f97485c7b..., userDataDir: C:\Users\Home\AppData\Local...}, goog:chromeOptions: {debuggerAddress: localhost:56198}, javascriptEnabled: true, networkConnectionEnabled: false, pageLoadStrategy: normal, platform: XP, platformName: XP, proxy: Proxy(), setWindowRect: true, strictFileInteractability: false, timeouts: {implicit: 0, pageLoad: 300000, script: 30000}, unhandledPromptBehavior: dismiss and notify}
Session ID: 283e398106abb4f613c7f988892d01f3
Screenshot: file:/C:/Users/Home/git/AutoTKO/TKO/build/reports/tests/1564741454580.0.png
Page source: file:/C:/Users/Home/git/AutoTKO/TKO/build/reports/tests/1564741454580.0.html
Timeout: 4 s.
Caused by: ElementClickInterceptedException: element click intercepted: Element <div tabindex="0" role="button" class="v-button v-widget c-logout-button v-button-c-logout-button icon v-button-icon v-button-empty-caption">...</div> is not clickable at point (1889, 21). Other element would receive the click: <div class="v-window-modalitycurtain" style="z-index: 10000;"></div>
at com.codeborne.selenide.impl.SelenideElementProxy.dispatchAndRetry(SelenideElementProxy.java:125)
at com.codeborne.selenide.impl.SelenideElementProxy.invoke(SelenideElementProxy.java:65)
at com.sun.proxy.$Proxy10.click(Unknown Source)
at com.pages.tko_30_AccountRent.Account(tko_30_AccountRent.java:494)
at com.pages.tko_30_AccountRent.AccountRent(tko_30_AccountRent.java:612)
at com.tests.smoke.Smoke_tko_30.smoke1(Smoke_tko_30.java:18)
Caused by: org.openqa.selenium.ElementClickInterceptedException: element click intercepted: Element <div tabindex="0" role="button" class="v-button v-widget c-logout-button v-button-c-logout-button icon v-button-icon v-button-empty-caption">...</div> is not clickable at point (1889, 21). Other element would receive the click: <div class="v-window-modalitycurtain" style="z-index: 10000;"></div>
  (Session info: chrome=76.0.3809.87)
Build info: version: '3.141.59', revision: 'e82be7d358', time: '2018-11-14T08:17:03'
System info: host: 'DESKTOP-J47TJ88', ip: '192.168.0.105', os.name: 'Windows 10', os.arch: 'amd64', os.version: '10.0', java.version: '1.8.0_201'
Driver info: org.openqa.selenium.chrome.ChromeDriver
Capabilities {acceptInsecureCerts: false, browserName: chrome, browserVersion: 76.0.3809.87, chrome: {chromedriverVersion: 75.0.3770.140 (2d9f97485c7b..., userDataDir: C:\Users\Home\AppData\Local...}, goog:chromeOptions: {debuggerAddress: localhost:56198}, javascriptEnabled: true, networkConnectionEnabled: false, pageLoadStrategy: normal, platform: XP, platformName: XP, proxy: Proxy(), setWindowRect: true, strictFileInteractability: false, timeouts: {implicit: 0, pageLoad: 300000, script: 30000}, unhandledPromptBehavior: dismiss and notify}
Session ID: 283e398106abb4f613c7f988892d01f3
at org.openqa.selenium.remote.http.W3CHttpResponseCodec.createException(W3CHttpResponseCodec.java:187)
at org.openqa.selenium.remote.http.W3CHttpResponseCodec.decode(W3CHttpResponseCodec.java:122)
at org.openqa.selenium.remote.http.W3CHttpResponseCodec.decode(W3CHttpResponseCodec.java:49)
at org.openqa.selenium.remote.HttpCommandExecutor.execute(HttpCommandExecutor.java:158)
at org.openqa.selenium.remote.service.DriverCommandExecutor.execute(DriverCommandExecutor.java:83)
at org.openqa.selenium.remote.RemoteWebDriver.execute(RemoteWebDriver.java:552)
at org.openqa.selenium.remote.RemoteWebElement.execute(RemoteWebElement.java:285)
at org.openqa.selenium.remote.RemoteWebElement.click(RemoteWebElement.java:84)
at com.codeborne.selenide.commands.Click.click(Click.java:26)
at com.codeborne.selenide.commands.Click.execute(Click.java:13)
at com.codeborne.selenide.commands.Click.execute(Click.java:9)
at com.codeborne.selenide.commands.Commands.execute(Commands.java:144)
at com.codeborne.selenide.impl.SelenideElementProxy.dispatchAndRetry(SelenideElementProxy.java:99)
... 30 more
... Removed 29 stack frames]]>
    </failure>
  </testcase> <!-- smoke1 on [Smoke_tko_30 passed=0 failed=0 skipped=0] -->
</testsuite> <!-- SMOKE TESTS -->
