<?xml version="1.0" encoding="UTF-8"?>
<!-- Generated by org.testng.reporters.JUnitXMLReporter -->
<testsuite hostname="DESKTOP-J47TJ88" ignored="0" name="SMOKE TESTS" tests="1" failures="1" timestamp="23 июл 2019 10:29:47 GMT" time="48.974" errors="0">
  <testcase name="smoke1 on [Smoke_tko_13 passed=0 failed=0 skipped=0]" time="41.326" classname="com.tests.smoke.Smoke_tko_13">
    <failure type="com.codeborne.selenide.ex.ElementNotFound" message="Element not found {By.xpath: //div[@class=&amp;apos;v-button v-widget icon v-button-icon c-primary-action v-button-c-primary-action&amp;apos;]}
Expected: visible">
      <![CDATA[Element not found {By.xpath: //div[@class='v-button v-widget icon v-button-icon c-primary-action v-button-c-primary-action']}
Expected: visible
Screenshot: file:/D:/ТКО/ТКО%2023.07.19/TKO/build/reports/tests/1563877786472.0.png
Page source: file:/D:/ТКО/ТКО%2023.07.19/TKO/build/reports/tests/1563877786472.0.html
Timeout: 5 s.
Caused by: NoSuchElementException: no such element: Unable to locate element: {"method":"xpath","selector":"//div[@class='v-button v-widget icon v-button-icon c-primary-action v-button-c-primary-action']"}
at com.codeborne.selenide.impl.WebElementSource.createElementNotFoundError(WebElementSource.java:37)
at com.codeborne.selenide.impl.ElementFinder.createElementNotFoundError(ElementFinder.java:100)
at com.codeborne.selenide.impl.WebElementSource.checkCondition(WebElementSource.java:65)
at com.codeborne.selenide.commands.Should.should(Should.java:35)
at com.codeborne.selenide.commands.Should.execute(Should.java:29)
at com.codeborne.selenide.commands.Should.execute(Should.java:12)
at com.codeborne.selenide.commands.Commands.execute(Commands.java:144)
at com.codeborne.selenide.impl.SelenideElementProxy.dispatchAndRetry(SelenideElementProxy.java:99)
at com.codeborne.selenide.impl.SelenideElementProxy.invoke(SelenideElementProxy.java:65)
at com.sun.proxy.$Proxy10.waitUntil(Unknown Source)
at com.pages.tko_13_ApproveRequest.buttonOkRequest(tko_13_ApproveRequest.java:126)
at com.pages.tko_13_ApproveRequest.request(tko_13_ApproveRequest.java:269)
at com.pages.tko_13_ApproveRequest.ApproveRequest(tko_13_ApproveRequest.java:306)
at com.tests.smoke.Smoke_tko_13.smoke1(Smoke_tko_13.java:18)
Caused by: org.openqa.selenium.NoSuchElementException: no such element: Unable to locate element: {"method":"xpath","selector":"//div[@class='v-button v-widget icon v-button-icon c-primary-action v-button-c-primary-action']"}
  (Session info: chrome=75.0.3770.142)
  (Driver info: chromedriver=74.0.3729.6 (255758eccf3d244491b8a1317aa76e1ce10d57e9-refs/branch-heads/3729@{#29}),platform=Windows NT 10.0.15063 x86_64) (WARNING: The server did not provide any stacktrace information)
Command duration or timeout: 0 milliseconds
For documentation on this error, please visit: https://www.seleniumhq.org/exceptions/no_such_element.html
Build info: version: '3.141.59', revision: 'e82be7d358', time: '2018-11-14T08:17:03'
System info: host: 'DESKTOP-J47TJ88', ip: '192.168.0.105', os.name: 'Windows 10', os.arch: 'amd64', os.version: '10.0', java.version: '1.8.0_201'
Driver info: org.openqa.selenium.chrome.ChromeDriver
Capabilities {acceptInsecureCerts: false, acceptSslCerts: false, applicationCacheEnabled: false, browserConnectionEnabled: false, browserName: chrome, chrome: {chromedriverVersion: 74.0.3729.6 (255758eccf3d24..., userDataDir: C:\Users\Home\AppData\Local...}, cssSelectorsEnabled: true, databaseEnabled: false, goog:chromeOptions: {debuggerAddress: localhost:59847}, handlesAlerts: true, hasTouchScreen: false, javascriptEnabled: true, locationContextEnabled: true, mobileEmulationEnabled: false, nativeEvents: true, networkConnectionEnabled: false, pageLoadStrategy: normal, platform: XP, platformName: XP, proxy: Proxy(), rotatable: false, setWindowRect: true, strictFileInteractability: false, takesHeapSnapshot: true, takesScreenshot: true, timeouts: {implicit: 0, pageLoad: 300000, script: 30000}, unexpectedAlertBehaviour: ignore, unhandledPromptBehavior: ignore, version: 75.0.3770.142, webStorageEnabled: true}
Session ID: 6015222e83aaf57933045a0c8471ae8e
*** Element info: {Using=xpath, value=//div[@class='v-button v-widget icon v-button-icon c-primary-action v-button-c-primary-action']}
at org.openqa.selenium.remote.ErrorHandler.createThrowable(ErrorHandler.java:214)
at org.openqa.selenium.remote.ErrorHandler.throwIfResponseFailed(ErrorHandler.java:166)
at org.openqa.selenium.remote.http.JsonHttpResponseCodec.reconstructValue(JsonHttpResponseCodec.java:40)
at org.openqa.selenium.remote.http.AbstractHttpResponseCodec.decode(AbstractHttpResponseCodec.java:80)
at org.openqa.selenium.remote.http.AbstractHttpResponseCodec.decode(AbstractHttpResponseCodec.java:44)
at org.openqa.selenium.remote.HttpCommandExecutor.execute(HttpCommandExecutor.java:158)
at org.openqa.selenium.remote.service.DriverCommandExecutor.execute(DriverCommandExecutor.java:83)
at org.openqa.selenium.remote.RemoteWebDriver.execute(RemoteWebDriver.java:552)
at org.openqa.selenium.remote.RemoteWebDriver.findElement(RemoteWebDriver.java:323)
at org.openqa.selenium.remote.RemoteWebDriver.findElementByXPath(RemoteWebDriver.java:428)
at org.openqa.selenium.By$ByXPath.findElement(By.java:353)
at org.openqa.selenium.remote.RemoteWebDriver.findElement(RemoteWebDriver.java:315)
at com.codeborne.selenide.impl.WebElementSelector.findElement(WebElementSelector.java:28)
at com.codeborne.selenide.impl.ElementFinder.getWebElement(ElementFinder.java:74)
at com.codeborne.selenide.impl.WebElementSource.checkCondition(WebElementSource.java:50)
... 36 more
... Removed 28 stack frames]]>
    </failure>
  </testcase> <!-- smoke1 on [Smoke_tko_13 passed=0 failed=0 skipped=0] -->
</testsuite> <!-- SMOKE TESTS -->
