<?xml version="1.0" encoding="UTF-8"?>
<testng-results skipped="0" failed="7" ignored="29" total="59" passed="23">
  <reporter-output>
    <line>
      <![CDATA[</b><details><summary>Click to see last screen...</summary> <br></b>]]>
    </line>
    <line>
      <![CDATA[Открыть http://tko-qa.groupstp.ru/app/#!/ <br>]]>
    </line>
    <line>
      <![CDATA[</details></b>]]>
    </line>
    <line>
      <![CDATA[<a href=..\videos\smoke1.WMV download="filename">Download video</a>]]>
    </line>
    <line>
      <![CDATA[<video width="320" height="240" controls>
  <source src="..\videos\smoke1.WMV" type="video/wmv">
</video>]]>
    </line>
    <line>
      <![CDATA[<br><b><div align="left" style=" height:30px; width:250px; padding: 10px;  border: 2px solid gray; margin: 0; background-color:#19FF3A;">Class - Smoke_tko_98 TEST - smoke1 OK! chrome</div></b>]]>
    </line>
    <line>
      <![CDATA[</b><details><summary>Click to see last screen...</summary> <br></b>]]>
    </line>
    <line>
      <![CDATA[Открыть http://tko-qa.groupstp.ru/app/#!/ <br>]]>
    </line>
    <line>
      <![CDATA[</details></b>]]>
    </line>
    <line>
      <![CDATA[<a href=..\videos\smoke1.WMV download="filename">Download video</a>]]>
    </line>
    <line>
      <![CDATA[<video width="320" height="240" controls>
  <source src="..\videos\smoke1.WMV" type="video/wmv">
</video>]]>
    </line>
    <line>
      <![CDATA[<br><b><div align="left" style=" height:30px; width:250px; padding: 10px;  border: 2px solid gray; margin: 0; background-color:#19FF3A;">Class - Smoke_tko_1 TEST - smoke1 OK! chrome</div></b>]]>
    </line>
    <line>
      <![CDATA[</b><details><summary>Click to see last screen...</summary> <br></b>]]>
    </line>
    <line>
      <![CDATA[Открыть http://tko-qa.groupstp.ru/app/#!/ <br>]]>
    </line>
    <line>
      <![CDATA[</details></b>]]>
    </line>
    <line>
      <![CDATA[<a href=..\videos\smoke1.WMV download="filename">Download video</a>]]>
    </line>
    <line>
      <![CDATA[<video width="320" height="240" controls>
  <source src="..\videos\smoke1.WMV" type="video/wmv">
</video>]]>
    </line>
    <line>
      <![CDATA[<br><b><div align="left" style=" height:30px; width:250px; padding: 10px;  border: 2px solid gray; margin: 0; background-color:#19FF3A;">Class - Smoke_tko_3 TEST - smoke1 OK! chrome</div></b>]]>
    </line>
    <line>
      <![CDATA[</b><details><summary>Click to see last screen...</summary> <br></b>]]>
    </line>
    <line>
      <![CDATA[Открыть http://tko-qa.groupstp.ru/app/#!/ <br>]]>
    </line>
    <line>
      <![CDATA[</details></b>]]>
    </line>
    <line>
      <![CDATA[<a href=..\videos\smoke1.WMV download="filename">Download video</a>]]>
    </line>
    <line>
      <![CDATA[<video width="320" height="240" controls>
  <source src="..\videos\smoke1.WMV" type="video/wmv">
</video>]]>
    </line>
    <line>
      <![CDATA[<br><b><div align="left" style=" height:30px; width:250px; padding: 10px;  border: 2px solid gray; margin: 0; background-color:#19FF3A;">Class - Smoke_tko_99 TEST - smoke1 OK! chrome</div></b>]]>
    </line>
    <line>
      <![CDATA[</b><details><summary>Click to see last screen...</summary> <br></b>]]>
    </line>
    <line>
      <![CDATA[Открыть http://tko-qa.groupstp.ru/app/#!/ <br>]]>
    </line>
    <line>
      <![CDATA[</details></b>]]>
    </line>
    <line>
      <![CDATA[<a href=..\videos\smoke1.WMV download="filename">Download video</a>]]>
    </line>
    <line>
      <![CDATA[<video width="320" height="240" controls>
  <source src="..\videos\smoke1.WMV" type="video/wmv">
</video>]]>
    </line>
    <line>
      <![CDATA[<br><b><div align="left" style=" height:30px; width:250px; padding: 10px;  border: 2px solid gray; margin: 0; background-color:#19FF3A;">Class - Smoke_tko_15 TEST - smoke1 OK! chrome</div></b>]]>
    </line>
    <line>
      <![CDATA[</b><details><summary>Click to see last screen...</summary> <br></b>]]>
    </line>
    <line>
      <![CDATA[Открыть http://tko-qa.groupstp.ru/app/#!/ <br>]]>
    </line>
    <line>
      <![CDATA[</details></b>]]>
    </line>
    <line>
      <![CDATA[<a href=..\videos\smoke1.WMV download="filename">Download video</a>]]>
    </line>
    <line>
      <![CDATA[<video width="320" height="240" controls>
  <source src="..\videos\smoke1.WMV" type="video/wmv">
</video>]]>
    </line>
    <line>
      <![CDATA[<br><b><div align="left" style=" height:30px; width:250px; padding: 10px;  border: 2px solid gray; margin: 0; background-color:#19FF3A;">Class - Smoke_tko_10 TEST - smoke1 OK! chrome</div></b>]]>
    </line>
    <line>
      <![CDATA[</b><details><summary>Click to see last screen...</summary> <br></b>]]>
    </line>
    <line>
      <![CDATA[Открыть http://tko-qa.groupstp.ru/app/#!/ <br>]]>
    </line>
    <line>
      <![CDATA[</details></b>]]>
    </line>
    <line>
      <![CDATA[<a href=..\videos\smoke1.WMV download="filename">Download video</a>]]>
    </line>
    <line>
      <![CDATA[<video width="320" height="240" controls>
  <source src="..\videos\smoke1.WMV" type="video/wmv">
</video>]]>
    </line>
    <line>
      <![CDATA[<br><b><div align="left" style=" height:30px; width:250px; padding: 10px;  border: 2px solid gray; margin: 0; background-color:#19FF3A;">Class - Smoke_tko_9 TEST - smoke1 OK! chrome</div></b>]]>
    </line>
    <line>
      <![CDATA[</b><details><summary>Click to see last screen...</summary> <br></b>]]>
    </line>
    <line>
      <![CDATA[Открыть http://tko-qa.groupstp.ru/app/#!/ <br>]]>
    </line>
    <line>
      <![CDATA[</details></b>]]>
    </line>
    <line>
      <![CDATA[<a href=..\videos\smoke1.WMV download="filename">Download video</a>]]>
    </line>
    <line>
      <![CDATA[<video width="320" height="240" controls>
  <source src="..\videos\smoke1.WMV" type="video/wmv">
</video>]]>
    </line>
    <line>
      <![CDATA[<br><b><div align="left" style=" height:30px; width:250px; padding: 10px;  border: 2px solid gray; margin: 0; background-color:#19FF3A;">Class - Smoke_tko_17 TEST - smoke1 OK! chrome</div></b>]]>
    </line>
    <line>
      <![CDATA[</b><details><summary>Click to see last screen...</summary> <br></b>]]>
    </line>
    <line>
      <![CDATA[Открыть http://tko-qa.groupstp.ru/app/#!/ <br>]]>
    </line>
    <line>
      <![CDATA[</details></b>]]>
    </line>
    <line>
      <![CDATA[<a href=..\videos\smoke1.WMV download="filename">Download video</a>]]>
    </line>
    <line>
      <![CDATA[<video width="320" height="240" controls>
  <source src="..\videos\smoke1.WMV" type="video/wmv">
</video>]]>
    </line>
    <line>
      <![CDATA[<br><b><div align="left" style=" height:30px; width:250px; padding: 10px;  border: 2px solid gray; margin: 0; background-color:#19FF3A;">Class - Smoke_tko_28 TEST - smoke1 OK! chrome</div></b>]]>
    </line>
    <line>
      <![CDATA[</b><details><summary>Click to see last screen...</summary> <br></b>]]>
    </line>
    <line>
      <![CDATA[Открыть http://tko-qa.groupstp.ru/app/#!/ <br>]]>
    </line>
    <line>
      <![CDATA[</details></b>]]>
    </line>
    <line>
      <![CDATA[<a href=..\videos\smoke1.WMV download="filename">Download video</a>]]>
    </line>
    <line>
      <![CDATA[<video width="320" height="240" controls>
  <source src="..\videos\smoke1.WMV" type="video/wmv">
</video>]]>
    </line>
    <line>
      <![CDATA[<br><b><div align="left" style=" height:30px; width:250px; padding: 10px;  border: 2px solid gray; margin: 0; background-color:#19FF3A;">Class - Smoke_tko_12 TEST - smoke1 OK! chrome</div></b>]]>
    </line>
    <line>
      <![CDATA[</b><details><summary>Click to see last screen...</summary> <br></b>]]>
    </line>
    <line>
      <![CDATA[Открыть http://tko-qa.groupstp.ru/app/#!/ <br>]]>
    </line>
    <line>
      <![CDATA[</details></b>]]>
    </line>
    <line>
      <![CDATA[<a href=..\videos\smoke1.WMV download="filename">Download video</a>]]>
    </line>
    <line>
      <![CDATA[<video width="320" height="240" controls>
  <source src="..\videos\smoke1.WMV" type="video/wmv">
</video>]]>
    </line>
    <line>
      <![CDATA[<br><b><div align="left" style=" height:30px; width:250px; padding: 10px;  border: 2px solid gray; margin: 0; background-color:#19FF3A;">Class - Smoke_tko_4 TEST - smoke1 OK! chrome</div></b>]]>
    </line>
    <line>
      <![CDATA[</b><details><summary>Click to see last screen...</summary> <br></b>]]>
    </line>
    <line>
      <![CDATA[Открыть http://tko-qa.groupstp.ru/app/#!/ <br>]]>
    </line>
    <line>
      <![CDATA[</details></b>]]>
    </line>
    <line>
      <![CDATA[<a href=..\videos\smoke1.WMV download="filename">Download video</a>]]>
    </line>
    <line>
      <![CDATA[<video width="320" height="240" controls>
  <source src="..\videos\smoke1.WMV" type="video/wmv">
</video>]]>
    </line>
    <line>
      <![CDATA[<br><b><div align="left" style=" height:30px; width:250px; padding: 10px;  border: 2px solid gray; margin: 0; background-color:#19FF3A;">Class - Smoke_tko_5 TEST - smoke1 OK! chrome</div></b>]]>
    </line>
    <line>
      <![CDATA[</b><details><summary>Click to see last screen...</summary> <br></b>]]>
    </line>
    <line>
      <![CDATA[Открыть http://tko-qa.groupstp.ru/app/#!/ <br>]]>
    </line>
    <line>
      <![CDATA[</details></b>]]>
    </line>
    <line>
      <![CDATA[<a href=..\videos\smoke1.WMV download="filename">Download video</a>]]>
    </line>
    <line>
      <![CDATA[<video width="320" height="240" controls>
  <source src="..\videos\smoke1.WMV" type="video/wmv">
</video>]]>
    </line>
    <line>
      <![CDATA[<br><b><div align="left" style=" height:30px; width:250px; padding: 10px;  border: 2px solid gray; margin: 0; background-color:#19FF3A;">Class - Smoke_tko_6 TEST - smoke1 OK! chrome</div></b>]]>
    </line>
    <line>
      <![CDATA[</b><details><summary>Click to see last screen...</summary> <br></b>]]>
    </line>
    <line>
      <![CDATA[Открыть http://tko-qa.groupstp.ru/app/#!/ <br>]]>
    </line>
    <line>
      <![CDATA[</details></b>]]>
    </line>
    <line>
      <![CDATA[<a href=..\videos\smoke1.WMV download="filename">Download video</a>]]>
    </line>
    <line>
      <![CDATA[<video width="320" height="240" controls>
  <source src="..\videos\smoke1.WMV" type="video/wmv">
</video>]]>
    </line>
    <line>
      <![CDATA[<br><b><div align="left" style=" height:30px; width:250px; padding: 10px;  border: 2px solid gray; margin: 0; background-color:#19FF3A;">Class - Smoke_tko_7 TEST - smoke1 OK! chrome</div></b>]]>
    </line>
    <line>
      <![CDATA[</b><details><summary>Click to see last screen...</summary> <br></b>]]>
    </line>
    <line>
      <![CDATA[Открыть http://tko-qa.groupstp.ru/app/#!/ <br>]]>
    </line>
    <line>
      <![CDATA[</details></b>]]>
    </line>
    <line>
      <![CDATA[<a href=..\videos\smoke1.WMV download="filename">Download video</a>]]>
    </line>
    <line>
      <![CDATA[<video width="320" height="240" controls>
  <source src="..\videos\smoke1.WMV" type="video/wmv">
</video>]]>
    </line>
    <line>
      <![CDATA[<br><b><div align="left" style=" height:30px; width:250px; padding: 10px;  border: 2px solid gray; margin: 0; background-color:#19FF3A;">Class - Smoke_tko_8 TEST - smoke1 OK! chrome</div></b>]]>
    </line>
    <line>
      <![CDATA[</b><details><summary>Click to see last screen...</summary> <br></b>]]>
    </line>
    <line>
      <![CDATA[Открыть http://tko-qa.groupstp.ru/app/#!/ <br>]]>
    </line>
    <line>
      <![CDATA[</details></b>]]>
    </line>
    <line>
      <![CDATA[<a href=..\videos\smoke1.WMV download="filename">Download video</a>]]>
    </line>
    <line>
      <![CDATA[<video width="320" height="240" controls>
  <source src="..\videos\smoke1.WMV" type="video/wmv">
</video>]]>
    </line>
    <line>
      <![CDATA[<br><b><div align="left" style=" height:30px; width:250px; padding: 10px;  border: 2px solid gray; margin: 0; background-color:#19FF3A;">Class - Smoke_tko_13 TEST - smoke1 OK! chrome</div></b>]]>
    </line>
    <line>
      <![CDATA[</b><details><summary>Click to see last screen...</summary> <br></b>]]>
    </line>
    <line>
      <![CDATA[Открыть http://tko-qa.groupstp.ru/app/#!/ <br>]]>
    </line>
    <line>
      <![CDATA[</details></b>]]>
    </line>
    <line>
      <![CDATA[<a href=..\videos\smoke1.WMV download="filename">Download video</a>]]>
    </line>
    <line>
      <![CDATA[<br><b><div align="left" style=" height:30px; width:250px; padding: 10px; border: 2px solid gray; margin: 0; background-color:#ff2500;">Class - Smoke_tko_14  TEST - smoke1 Fail! chrome</div></b>]]>
    </line>
    <line>
      <![CDATA[</b><details><summary>Show steps..</summary> <br>]]>
    </line>
    <line>
      <![CDATA[</b><details><summary>Click to see last screen...</summary> <br></b>]]>
    </line>
    <line>
      <![CDATA[Открыть http://tko-qa.groupstp.ru/app/#!/ <br>]]>
    </line>
    <line>
      <![CDATA[</details></b>]]>
    </line>
    <line>
      <![CDATA[<a href=..\videos\smoke1.WMV download="filename">Download video</a>]]>
    </line>
    <line>
      <![CDATA[<br><b><div align="left" style=" height:30px; width:250px; padding: 10px; border: 2px solid gray; margin: 0; background-color:#ff2500;">Class - Smoke_tko_11  TEST - smoke1 Fail! chrome</div></b>]]>
    </line>
    <line>
      <![CDATA[</b><details><summary>Show steps..</summary> <br>]]>
    </line>
    <line>
      <![CDATA[</b><details><summary>Click to see last screen...</summary> <br></b>]]>
    </line>
    <line>
      <![CDATA[Открыть http://tko-qa.groupstp.ru/app/#!/ <br>]]>
    </line>
    <line>
      <![CDATA[</details></b>]]>
    </line>
    <line>
      <![CDATA[<a href=..\videos\smoke1.WMV download="filename">Download video</a>]]>
    </line>
    <line>
      <![CDATA[<video width="320" height="240" controls>
  <source src="..\videos\smoke1.WMV" type="video/wmv">
</video>]]>
    </line>
    <line>
      <![CDATA[<br><b><div align="left" style=" height:30px; width:250px; padding: 10px;  border: 2px solid gray; margin: 0; background-color:#19FF3A;">Class - Smoke_tko_16 TEST - smoke1 OK! chrome</div></b>]]>
    </line>
    <line>
      <![CDATA[</b><details><summary>Click to see last screen...</summary> <br></b>]]>
    </line>
    <line>
      <![CDATA[Открыть http://tko-qa.groupstp.ru/app/#!/ <br>]]>
    </line>
    <line>
      <![CDATA[</details></b>]]>
    </line>
    <line>
      <![CDATA[<a href=..\videos\smoke1.WMV download="filename">Download video</a>]]>
    </line>
    <line>
      <![CDATA[<video width="320" height="240" controls>
  <source src="..\videos\smoke1.WMV" type="video/wmv">
</video>]]>
    </line>
    <line>
      <![CDATA[<br><b><div align="left" style=" height:30px; width:250px; padding: 10px;  border: 2px solid gray; margin: 0; background-color:#19FF3A;">Class - Smoke_tko_21 TEST - smoke1 OK! chrome</div></b>]]>
    </line>
    <line>
      <![CDATA[</b><details><summary>Click to see last screen...</summary> <br></b>]]>
    </line>
    <line>
      <![CDATA[Открыть http://tko-qa.groupstp.ru/app/#!/ <br>]]>
    </line>
    <line>
      <![CDATA[</details></b>]]>
    </line>
    <line>
      <![CDATA[<a href=..\videos\smoke1.WMV download="filename">Download video</a>]]>
    </line>
    <line>
      <![CDATA[<br><b><div align="left" style=" height:30px; width:250px; padding: 10px; border: 2px solid gray; margin: 0; background-color:#ff2500;">Class - Smoke_tko_22  TEST - smoke1 Fail! chrome</div></b>]]>
    </line>
    <line>
      <![CDATA[</b><details><summary>Show steps..</summary> <br>]]>
    </line>
    <line>
      <![CDATA[</b><details><summary>Click to see last screen...</summary> <br></b>]]>
    </line>
    <line>
      <![CDATA[Открыть http://tko-qa.groupstp.ru/app/#!/ <br>]]>
    </line>
    <line>
      <![CDATA[</details></b>]]>
    </line>
    <line>
      <![CDATA[<a href=..\videos\smoke1.WMV download="filename">Download video</a>]]>
    </line>
    <line>
      <![CDATA[<br><b><div align="left" style=" height:30px; width:250px; padding: 10px; border: 2px solid gray; margin: 0; background-color:#ff2500;">Class - Smoke_tko_20  TEST - smoke1 Fail! chrome</div></b>]]>
    </line>
    <line>
      <![CDATA[</b><details><summary>Show steps..</summary> <br>]]>
    </line>
    <line>
      <![CDATA[</b><details><summary>Click to see last screen...</summary> <br></b>]]>
    </line>
    <line>
      <![CDATA[Открыть http://tko-qa.groupstp.ru/app/#!/ <br>]]>
    </line>
    <line>
      <![CDATA[</details></b>]]>
    </line>
    <line>
      <![CDATA[<a href=..\videos\smoke1.WMV download="filename">Download video</a>]]>
    </line>
    <line>
      <![CDATA[<video width="320" height="240" controls>
  <source src="..\videos\smoke1.WMV" type="video/wmv">
</video>]]>
    </line>
    <line>
      <![CDATA[<br><b><div align="left" style=" height:30px; width:250px; padding: 10px;  border: 2px solid gray; margin: 0; background-color:#19FF3A;">Class - Smoke_tko_18 TEST - smoke1 OK! chrome</div></b>]]>
    </line>
    <line>
      <![CDATA[</b><details><summary>Click to see last screen...</summary> <br></b>]]>
    </line>
    <line>
      <![CDATA[Открыть http://tko-qa.groupstp.ru/app/#!/ <br>]]>
    </line>
    <line>
      <![CDATA[</details></b>]]>
    </line>
    <line>
      <![CDATA[<a href=..\videos\smoke1.WMV download="filename">Download video</a>]]>
    </line>
    <line>
      <![CDATA[<br><b><div align="left" style=" height:30px; width:250px; padding: 10px; border: 2px solid gray; margin: 0; background-color:#ff2500;">Class - Smoke_tko_19  TEST - smoke1 Fail! chrome</div></b>]]>
    </line>
    <line>
      <![CDATA[</b><details><summary>Show steps..</summary> <br>]]>
    </line>
    <line>
      <![CDATA[</b><details><summary>Click to see last screen...</summary> <br></b>]]>
    </line>
    <line>
      <![CDATA[Открыть http://tko-qa.groupstp.ru/app/#!/ <br>]]>
    </line>
    <line>
      <![CDATA[</details></b>]]>
    </line>
    <line>
      <![CDATA[<a href=..\videos\smoke1.WMV download="filename">Download video</a>]]>
    </line>
    <line>
      <![CDATA[<video width="320" height="240" controls>
  <source src="..\videos\smoke1.WMV" type="video/wmv">
</video>]]>
    </line>
    <line>
      <![CDATA[<br><b><div align="left" style=" height:30px; width:250px; padding: 10px;  border: 2px solid gray; margin: 0; background-color:#19FF3A;">Class - Smoke_tko_23 TEST - smoke1 OK! chrome</div></b>]]>
    </line>
    <line>
      <![CDATA[</b><details><summary>Click to see last screen...</summary> <br></b>]]>
    </line>
    <line>
      <![CDATA[Открыть http://tko-qa.groupstp.ru/app/#!/ <br>]]>
    </line>
    <line>
      <![CDATA[</details></b>]]>
    </line>
    <line>
      <![CDATA[<a href=..\videos\smoke1.WMV download="filename">Download video</a>]]>
    </line>
    <line>
      <![CDATA[<video width="320" height="240" controls>
  <source src="..\videos\smoke1.WMV" type="video/wmv">
</video>]]>
    </line>
    <line>
      <![CDATA[<br><b><div align="left" style=" height:30px; width:250px; padding: 10px;  border: 2px solid gray; margin: 0; background-color:#19FF3A;">Class - Smoke_tko_24 TEST - smoke1 OK! chrome</div></b>]]>
    </line>
    <line>
      <![CDATA[</b><details><summary>Click to see last screen...</summary> <br></b>]]>
    </line>
    <line>
      <![CDATA[Открыть http://tko-qa.groupstp.ru/app/#!/ <br>]]>
    </line>
    <line>
      <![CDATA[</details></b>]]>
    </line>
    <line>
      <![CDATA[<a href=..\videos\smoke1.WMV download="filename">Download video</a>]]>
    </line>
    <line>
      <![CDATA[<video width="320" height="240" controls>
  <source src="..\videos\smoke1.WMV" type="video/wmv">
</video>]]>
    </line>
    <line>
      <![CDATA[<br><b><div align="left" style=" height:30px; width:250px; padding: 10px;  border: 2px solid gray; margin: 0; background-color:#19FF3A;">Class - Smoke_tko_25 TEST - smoke1 OK! chrome</div></b>]]>
    </line>
    <line>
      <![CDATA[</b><details><summary>Click to see last screen...</summary> <br></b>]]>
    </line>
    <line>
      <![CDATA[Открыть http://tko-qa.groupstp.ru/app/#!/ <br>]]>
    </line>
    <line>
      <![CDATA[</details></b>]]>
    </line>
    <line>
      <![CDATA[<a href=..\videos\smoke1.WMV download="filename">Download video</a>]]>
    </line>
    <line>
      <![CDATA[<br><b><div align="left" style=" height:30px; width:250px; padding: 10px; border: 2px solid gray; margin: 0; background-color:#ff2500;">Class - Smoke_tko_26  TEST - smoke1 Fail! chrome</div></b>]]>
    </line>
    <line>
      <![CDATA[</b><details><summary>Show steps..</summary> <br>]]>
    </line>
    <line>
      <![CDATA[</b><details><summary>Click to see last screen...</summary> <br></b>]]>
    </line>
    <line>
      <![CDATA[Открыть http://tko-qa.groupstp.ru/app/#!/ <br>]]>
    </line>
    <line>
      <![CDATA[</details></b>]]>
    </line>
    <line>
      <![CDATA[<a href=..\videos\smoke1.WMV download="filename">Download video</a>]]>
    </line>
    <line>
      <![CDATA[<video width="320" height="240" controls>
  <source src="..\videos\smoke1.WMV" type="video/wmv">
</video>]]>
    </line>
    <line>
      <![CDATA[<br><b><div align="left" style=" height:30px; width:250px; padding: 10px;  border: 2px solid gray; margin: 0; background-color:#19FF3A;">Class - Smoke_tko_27 TEST - smoke1 OK! chrome</div></b>]]>
    </line>
    <line>
      <![CDATA[</b><details><summary>Click to see last screen...</summary> <br></b>]]>
    </line>
    <line>
      <![CDATA[Открыть http://tko-qa.groupstp.ru/app/#!/ <br>]]>
    </line>
    <line>
      <![CDATA[</details></b>]]>
    </line>
    <line>
      <![CDATA[<a href=..\videos\smoke1.WMV download="filename">Download video</a>]]>
    </line>
    <line>
      <![CDATA[<br><b><div align="left" style=" height:30px; width:250px; padding: 10px; border: 2px solid gray; margin: 0; background-color:#ff2500;">Class - Smoke_tko_30  TEST - smoke1 Fail! chrome</div></b>]]>
    </line>
    <line>
      <![CDATA[</b><details><summary>Show steps..</summary> <br>]]>
    </line>
  </reporter-output>
  <suite name="SMOKE TESTS TKO" duration-ms="1698184" started-at="2019-08-12T16:36:05Z" finished-at="2019-08-12T17:04:23Z">
    <groups>
      <group name="smoke">
        <method signature="Smoke_tko_1.smoke1()[pri:1, instance:[Smoke_tko_1 passed=0 failed=0 skipped=0]]" name="smoke1" class="com.tests.smoke.Smoke_tko_1"/>
        <method signature="Smoke_tko_10.smoke1()[pri:1, instance:[Smoke_tko_10 passed=0 failed=0 skipped=0]]" name="smoke1" class="com.tests.smoke.Smoke_tko_10"/>
        <method signature="Smoke_tko_11.smoke1()[pri:1, instance:[Smoke_tko_11 passed=0 failed=0 skipped=0]]" name="smoke1" class="com.tests.smoke.Smoke_tko_11"/>
        <method signature="Smoke_tko_12.smoke1()[pri:1, instance:[Smoke_tko_12 passed=0 failed=0 skipped=0]]" name="smoke1" class="com.tests.smoke.Smoke_tko_12"/>
        <method signature="Smoke_tko_13.smoke1()[pri:1, instance:[Smoke_tko_13 passed=0 failed=0 skipped=0]]" name="smoke1" class="com.tests.smoke.Smoke_tko_13"/>
        <method signature="Smoke_tko_14.smoke1()[pri:1, instance:[Smoke_tko_14 passed=0 failed=0 skipped=0]]" name="smoke1" class="com.tests.smoke.Smoke_tko_14"/>
        <method signature="Smoke_tko_15.smoke1()[pri:1, instance:[Smoke_tko_15 passed=0 failed=0 skipped=0]]" name="smoke1" class="com.tests.smoke.Smoke_tko_15"/>
        <method signature="Smoke_tko_16.smoke1()[pri:1, instance:[Smoke_tko_16 passed=0 failed=0 skipped=0]]" name="smoke1" class="com.tests.smoke.Smoke_tko_16"/>
        <method signature="Smoke_tko_17.smoke1()[pri:1, instance:[Smoke_tko_17 passed=0 failed=0 skipped=0]]" name="smoke1" class="com.tests.smoke.Smoke_tko_17"/>
        <method signature="Smoke_tko_18.smoke1()[pri:1, instance:[Smoke_tko_18 passed=0 failed=0 skipped=0]]" name="smoke1" class="com.tests.smoke.Smoke_tko_18"/>
        <method signature="Smoke_tko_19.smoke1()[pri:1, instance:[Smoke_tko_19 passed=0 failed=0 skipped=0]]" name="smoke1" class="com.tests.smoke.Smoke_tko_19"/>
        <method signature="Smoke_tko_20.smoke1()[pri:1, instance:[Smoke_tko_20 passed=0 failed=0 skipped=0]]" name="smoke1" class="com.tests.smoke.Smoke_tko_20"/>
        <method signature="Smoke_tko_21.smoke1()[pri:1, instance:[Smoke_tko_21 passed=0 failed=0 skipped=0]]" name="smoke1" class="com.tests.smoke.Smoke_tko_21"/>
        <method signature="Smoke_tko_22.smoke1()[pri:1, instance:[Smoke_tko_22 passed=0 failed=0 skipped=0]]" name="smoke1" class="com.tests.smoke.Smoke_tko_22"/>
        <method signature="Smoke_tko_23.smoke1()[pri:1, instance:[Smoke_tko_23 passed=0 failed=0 skipped=0]]" name="smoke1" class="com.tests.smoke.Smoke_tko_23"/>
        <method signature="Smoke_tko_24.smoke1()[pri:1, instance:[Smoke_tko_24 passed=0 failed=0 skipped=0]]" name="smoke1" class="com.tests.smoke.Smoke_tko_24"/>
        <method signature="Smoke_tko_25.smoke1()[pri:1, instance:[Smoke_tko_25 passed=0 failed=0 skipped=0]]" name="smoke1" class="com.tests.smoke.Smoke_tko_25"/>
        <method signature="Smoke_tko_26.smoke1()[pri:1, instance:[Smoke_tko_26 passed=0 failed=0 skipped=0]]" name="smoke1" class="com.tests.smoke.Smoke_tko_26"/>
        <method signature="Smoke_tko_27.smoke1()[pri:1, instance:[Smoke_tko_27 passed=0 failed=0 skipped=0]]" name="smoke1" class="com.tests.smoke.Smoke_tko_27"/>
        <method signature="Smoke_tko_28.smoke1()[pri:1, instance:[Smoke_tko_28 passed=0 failed=0 skipped=0]]" name="smoke1" class="com.tests.smoke.Smoke_tko_28"/>
        <method signature="Smoke_tko_3.smoke1()[pri:1, instance:[Smoke_tko_3 passed=0 failed=0 skipped=0]]" name="smoke1" class="com.tests.smoke.Smoke_tko_3"/>
        <method signature="Smoke_tko_30.smoke1()[pri:1, instance:[Smoke_tko_30 passed=0 failed=0 skipped=0]]" name="smoke1" class="com.tests.smoke.Smoke_tko_30"/>
        <method signature="Smoke_tko_4.smoke1()[pri:1, instance:[Smoke_tko_4 passed=0 failed=0 skipped=0]]" name="smoke1" class="com.tests.smoke.Smoke_tko_4"/>
        <method signature="Smoke_tko_5.smoke1()[pri:1, instance:[Smoke_tko_5 passed=0 failed=0 skipped=0]]" name="smoke1" class="com.tests.smoke.Smoke_tko_5"/>
        <method signature="Smoke_tko_6.smoke1()[pri:1, instance:[Smoke_tko_6 passed=0 failed=0 skipped=0]]" name="smoke1" class="com.tests.smoke.Smoke_tko_6"/>
        <method signature="Smoke_tko_7.smoke1()[pri:1, instance:[Smoke_tko_7 passed=0 failed=0 skipped=0]]" name="smoke1" class="com.tests.smoke.Smoke_tko_7"/>
        <method signature="Smoke_tko_8.smoke1()[pri:1, instance:[Smoke_tko_8 passed=0 failed=0 skipped=0]]" name="smoke1" class="com.tests.smoke.Smoke_tko_8"/>
        <method signature="Smoke_tko_9.smoke1()[pri:1, instance:[Smoke_tko_9 passed=0 failed=0 skipped=0]]" name="smoke1" class="com.tests.smoke.Smoke_tko_9"/>
        <method signature="Smoke_tko_98.smoke1()[pri:1, instance:[Smoke_tko_98 passed=0 failed=0 skipped=0]]" name="smoke1" class="com.tests.smoke.Smoke_tko_98"/>
        <method signature="Smoke_tko_99.smoke1()[pri:1, instance:[Smoke_tko_99 passed=0 failed=0 skipped=0]]" name="smoke1" class="com.tests.smoke.Smoke_tko_99"/>
      </group> <!-- smoke -->
    </groups>
    <test name="SMOKE TESTS" duration-ms="1698184" started-at="2019-08-12T16:36:05Z" finished-at="2019-08-12T17:04:23Z">
      <class name="com.tests.smoke.Smoke_tko_21">
        <test-method status="PASS" signature="setUp(java.lang.String, java.lang.String)[pri:0, instance:[Smoke_tko_21 passed=0 failed=0 skipped=0]]" name="setUp" is-config="true" duration-ms="5357" started-at="2019-08-12T16:51:15Z" finished-at="2019-08-12T16:51:20Z">
          <params>
            <param index="0">
              <value>
                <![CDATA[http://tko-qa.groupstp.ru/app/#!/]]>
              </value>
            </param>
            <param index="1">
              <value>
                <![CDATA[test]]>
              </value>
            </param>
          </params>
          <reporter-output>
          </reporter-output>
        </test-method> <!-- setUp -->
        <test-method status="PASS" signature="startVideo(org.testng.ITestResult, java.lang.String, java.lang.String)[pri:0, instance:[Smoke_tko_21 passed=0 failed=0 skipped=0]]" name="startVideo" is-config="true" duration-ms="292" started-at="2019-08-12T16:51:20Z" finished-at="2019-08-12T16:51:21Z">
          <params>
            <param index="0">
              <value>
                <![CDATA[[TestResult name=smoke1 on [Smoke_tko_21 passed=0 failed=0 skipped=0] status=SUCCESS method=Smoke_tko_21.smoke1()[pri:1, instance:[Smoke_tko_21 passed=0 failed=0 skipped=0]] output=</details></b>]]]>
              </value>
            </param>
            <param index="1">
              <value>
                <![CDATA[chrome]]>
              </value>
            </param>
            <param index="2">
              <value>
                <![CDATA[http://tko-qa.groupstp.ru/app/#!/]]>
              </value>
            </param>
          </params>
          <reporter-output>
            <line>
              <![CDATA[</b><details><summary>Click to see last screen...</summary> <br></b>]]>
            </line>
            <line>
              <![CDATA[Открыть http://tko-qa.groupstp.ru/app/#!/ <br>]]>
            </line>
          </reporter-output>
        </test-method> <!-- startVideo -->
        <test-method status="PASS" signature="smoke1()[pri:1, instance:[Smoke_tko_21 passed=0 failed=0 skipped=0]]" name="smoke1" duration-ms="136607" started-at="2019-08-12T16:51:21Z" finished-at="2019-08-12T16:53:37Z">
          <reporter-output>
            <line>
              <![CDATA[</details></b>]]>
            </line>
            <line>
              <![CDATA[<a href=..\videos\smoke1.WMV download="filename">Download video</a>]]>
            </line>
            <line>
              <![CDATA[<video width="320" height="240" controls>
  <source src="..\videos\smoke1.WMV" type="video/wmv">
</video>]]>
            </line>
            <line>
              <![CDATA[<br><b><div align="left" style=" height:30px; width:250px; padding: 10px;  border: 2px solid gray; margin: 0; background-color:#19FF3A;">Class - Smoke_tko_21 TEST - smoke1 OK! chrome</div></b>]]>
            </line>
          </reporter-output>
        </test-method> <!-- smoke1 -->
        <test-method status="PASS" signature="result(org.testng.ITestResult, java.lang.String)[pri:0, instance:[Smoke_tko_21 passed=0 failed=0 skipped=0]]" name="result" is-config="true" duration-ms="47" started-at="2019-08-12T16:53:37Z" finished-at="2019-08-12T16:53:37Z">
          <params>
            <param index="0">
              <value>
                <![CDATA[[TestResult name=smoke1 on [Smoke_tko_21 passed=0 failed=0 skipped=0] status=SUCCESS method=Smoke_tko_21.smoke1()[pri:1, instance:[Smoke_tko_21 passed=0 failed=0 skipped=0]] output=</details></b>]]]>
              </value>
            </param>
            <param index="1">
              <value>
                <![CDATA[chrome]]>
              </value>
            </param>
          </params>
          <reporter-output>
          </reporter-output>
        </test-method> <!-- result -->
        <test-method status="PASS" signature="tearDown()[pri:0, instance:[Smoke_tko_21 passed=0 failed=0 skipped=0]]" name="tearDown" is-config="true" duration-ms="594" started-at="2019-08-12T16:53:37Z" finished-at="2019-08-12T16:53:38Z">
          <reporter-output>
          </reporter-output>
        </test-method> <!-- tearDown -->
      </class> <!-- com.tests.smoke.Smoke_tko_21 -->
      <class name="com.tests.smoke.Smoke_tko_20">
        <test-method status="PASS" signature="setUp(java.lang.String, java.lang.String)[pri:0, instance:[Smoke_tko_20 passed=0 failed=0 skipped=0]]" name="setUp" is-config="true" duration-ms="5432" started-at="2019-08-12T16:55:19Z" finished-at="2019-08-12T16:55:24Z">
          <params>
            <param index="0">
              <value>
                <![CDATA[http://tko-qa.groupstp.ru/app/#!/]]>
              </value>
            </param>
            <param index="1">
              <value>
                <![CDATA[test]]>
              </value>
            </param>
          </params>
          <reporter-output>
          </reporter-output>
        </test-method> <!-- setUp -->
        <test-method status="PASS" signature="startVideo(org.testng.ITestResult, java.lang.String, java.lang.String)[pri:0, instance:[Smoke_tko_20 passed=0 failed=0 skipped=0]]" name="startVideo" is-config="true" duration-ms="299" started-at="2019-08-12T16:55:24Z" finished-at="2019-08-12T16:55:24Z">
          <params>
            <param index="0">
              <value>
                <![CDATA[[TestResult name=smoke1 on [Smoke_tko_20 passed=0 failed=0 skipped=0] status=FAILURE method=Smoke_tko_20.smoke1()[pri:1, instance:[Smoke_tko_20 passed=0 failed=0 skipped=0]] output=</details></b>]]]>
              </value>
            </param>
            <param index="1">
              <value>
                <![CDATA[chrome]]>
              </value>
            </param>
            <param index="2">
              <value>
                <![CDATA[http://tko-qa.groupstp.ru/app/#!/]]>
              </value>
            </param>
          </params>
          <reporter-output>
            <line>
              <![CDATA[</b><details><summary>Click to see last screen...</summary> <br></b>]]>
            </line>
            <line>
              <![CDATA[Открыть http://tko-qa.groupstp.ru/app/#!/ <br>]]>
            </line>
          </reporter-output>
        </test-method> <!-- startVideo -->
        <test-method status="FAIL" signature="smoke1()[pri:1, instance:[Smoke_tko_20 passed=0 failed=0 skipped=0]]" name="smoke1" duration-ms="100664" started-at="2019-08-12T16:55:24Z" finished-at="2019-08-12T16:57:05Z">
          <exception class="com.codeborne.selenide.ex.ElementNotFound">
            <message>
              <![CDATA[Element not found {By.xpath: //div[@class='v-button v-widget friendly v-button-friendly icon v-button-icon']}
Expected: visible]]>
            </message>
            <full-stacktrace>
              <![CDATA[Element not found {By.xpath: //div[@class='v-button v-widget friendly v-button-friendly icon v-button-icon']}
Expected: visible
Screenshot: file:/C:/Users/Home/git/AutoTKO/TKO/build/reports/tests/1565629025112.3.png
Page source: file:/C:/Users/Home/git/AutoTKO/TKO/build/reports/tests/1565629025112.3.html
Timeout: 5 s.
Caused by: NoSuchElementException: no such element: Unable to locate element: {"method":"xpath","selector":"//div[@class='v-button v-widget friendly v-button-friendly icon v-button-icon']"}
at com.codeborne.selenide.impl.WebElementSource.createElementNotFoundError(WebElementSource.java:37)
at com.codeborne.selenide.impl.ElementFinder.createElementNotFoundError(ElementFinder.java:100)
at com.codeborne.selenide.impl.WebElementSource.checkCondition(WebElementSource.java:65)
at com.codeborne.selenide.commands.Should.should(Should.java:35)
at com.codeborne.selenide.commands.Should.execute(Should.java:29)
at com.codeborne.selenide.commands.Should.execute(Should.java:12)
at com.codeborne.selenide.commands.Commands.execute(Commands.java:144)
at com.codeborne.selenide.impl.SelenideElementProxy.dispatchAndRetry(SelenideElementProxy.java:99)
at com.codeborne.selenide.impl.SelenideElementProxy.invoke(SelenideElementProxy.java:65)
at com.sun.proxy.$Proxy10.waitUntil(Unknown Source)
at com.pages.tko_20_DeleteON.buttonApprove(tko_20_DeleteON.java:80)
at com.pages.tko_20_DeleteON.menuDelete(tko_20_DeleteON.java:189)
at com.pages.tko_20_DeleteON.DeleteON(tko_20_DeleteON.java:230)
at com.tests.smoke.Smoke_tko_20.smoke1(Smoke_tko_20.java:18)
at sun.reflect.NativeMethodAccessorImpl.invoke0(Native Method)
at sun.reflect.NativeMethodAccessorImpl.invoke(Unknown Source)
at sun.reflect.DelegatingMethodAccessorImpl.invoke(Unknown Source)
at java.lang.reflect.Method.invoke(Unknown Source)
at org.testng.internal.MethodInvocationHelper.invokeMethod(MethodInvocationHelper.java:124)
at org.testng.internal.Invoker.invokeMethod(Invoker.java:583)
at org.testng.internal.Invoker.invokeTestMethod(Invoker.java:719)
at org.testng.internal.Invoker.invokeTestMethods(Invoker.java:989)
at org.testng.internal.TestMethodWorker.invokeTestMethods(TestMethodWorker.java:125)
at org.testng.internal.TestMethodWorker.run(TestMethodWorker.java:109)
at org.testng.TestRunner.privateRun(TestRunner.java:648)
at org.testng.TestRunner.run(TestRunner.java:505)
at org.testng.SuiteRunner.runTest(SuiteRunner.java:455)
at org.testng.SuiteRunner.runSequentially(SuiteRunner.java:450)
at org.testng.SuiteRunner.privateRun(SuiteRunner.java:415)
at org.testng.SuiteRunner.run(SuiteRunner.java:364)
at org.testng.SuiteRunnerWorker.runSuite(SuiteRunnerWorker.java:52)
at org.testng.SuiteRunnerWorker.run(SuiteRunnerWorker.java:84)
at org.testng.TestNG.runSuitesSequentially(TestNG.java:1208)
at org.testng.TestNG.runSuitesLocally(TestNG.java:1137)
at org.testng.TestNG.runSuites(TestNG.java:1049)
at org.testng.TestNG.run(TestNG.java:1017)
at org.testng.remote.AbstractRemoteTestNG.run(AbstractRemoteTestNG.java:115)
at org.testng.remote.RemoteTestNG.initAndRun(RemoteTestNG.java:251)
at org.testng.remote.RemoteTestNG.main(RemoteTestNG.java:77)
Caused by: org.openqa.selenium.NoSuchElementException: no such element: Unable to locate element: {"method":"xpath","selector":"//div[@class='v-button v-widget friendly v-button-friendly icon v-button-icon']"}
  (Session info: chrome=76.0.3809.100)
For documentation on this error, please visit: https://www.seleniumhq.org/exceptions/no_such_element.html
Build info: version: '3.141.59', revision: 'e82be7d358', time: '2018-11-14T08:17:03'
System info: host: 'DESKTOP-J47TJ88', ip: '192.168.0.105', os.name: 'Windows 10', os.arch: 'amd64', os.version: '10.0', java.version: '1.8.0_201'
Driver info: org.openqa.selenium.chrome.ChromeDriver
Capabilities {acceptInsecureCerts: false, browserName: chrome, browserVersion: 76.0.3809.100, chrome: {chromedriverVersion: 75.0.3770.140 (2d9f97485c7b..., userDataDir: C:\Users\Home\AppData\Local...}, goog:chromeOptions: {debuggerAddress: localhost:62197}, javascriptEnabled: true, networkConnectionEnabled: false, pageLoadStrategy: normal, platform: XP, platformName: XP, proxy: Proxy(), setWindowRect: true, strictFileInteractability: false, timeouts: {implicit: 0, pageLoad: 300000, script: 30000}, unhandledPromptBehavior: dismiss and notify}
Session ID: f77d20c0b1e42273a651617ee01f97ee
*** Element info: {Using=xpath, value=//div[@class='v-button v-widget friendly v-button-friendly icon v-button-icon']}
at sun.reflect.GeneratedConstructorAccessor27.newInstance(Unknown Source)
at sun.reflect.DelegatingConstructorAccessorImpl.newInstance(Unknown Source)
at java.lang.reflect.Constructor.newInstance(Unknown Source)
at org.openqa.selenium.remote.http.W3CHttpResponseCodec.createException(W3CHttpResponseCodec.java:187)
at org.openqa.selenium.remote.http.W3CHttpResponseCodec.decode(W3CHttpResponseCodec.java:122)
at org.openqa.selenium.remote.http.W3CHttpResponseCodec.decode(W3CHttpResponseCodec.java:49)
at org.openqa.selenium.remote.HttpCommandExecutor.execute(HttpCommandExecutor.java:158)
at org.openqa.selenium.remote.service.DriverCommandExecutor.execute(DriverCommandExecutor.java:83)
at org.openqa.selenium.remote.RemoteWebDriver.execute(RemoteWebDriver.java:552)
at org.openqa.selenium.remote.RemoteWebDriver.findElement(RemoteWebDriver.java:323)
at org.openqa.selenium.remote.RemoteWebDriver.findElementByXPath(RemoteWebDriver.java:428)
at org.openqa.selenium.By$ByXPath.findElement(By.java:353)
at org.openqa.selenium.remote.RemoteWebDriver.findElement(RemoteWebDriver.java:315)
at com.codeborne.selenide.impl.WebElementSelector.findElement(WebElementSelector.java:28)
at com.codeborne.selenide.impl.ElementFinder.getWebElement(ElementFinder.java:74)
at com.codeborne.selenide.impl.WebElementSource.checkCondition(WebElementSource.java:50)
... 36 more
]]>
            </full-stacktrace>
          </exception> <!-- com.codeborne.selenide.ex.ElementNotFound -->
          <reporter-output>
            <line>
              <![CDATA[</details></b>]]>
            </line>
            <line>
              <![CDATA[<a href=..\videos\smoke1.WMV download="filename">Download video</a>]]>
            </line>
            <line>
              <![CDATA[<br><b><div align="left" style=" height:30px; width:250px; padding: 10px; border: 2px solid gray; margin: 0; background-color:#ff2500;">Class - Smoke_tko_20  TEST - smoke1 Fail! chrome</div></b>]]>
            </line>
            <line>
              <![CDATA[</b><details><summary>Show steps..</summary> <br>]]>
            </line>
          </reporter-output>
        </test-method> <!-- smoke1 -->
        <test-method status="PASS" signature="result(org.testng.ITestResult, java.lang.String)[pri:0, instance:[Smoke_tko_20 passed=0 failed=0 skipped=0]]" name="result" is-config="true" duration-ms="89" started-at="2019-08-12T16:57:05Z" finished-at="2019-08-12T16:57:05Z">
          <params>
            <param index="0">
              <value>
                <![CDATA[[TestResult name=smoke1 on [Smoke_tko_20 passed=0 failed=0 skipped=0] status=FAILURE method=Smoke_tko_20.smoke1()[pri:1, instance:[Smoke_tko_20 passed=0 failed=0 skipped=0]] output=</details></b>]]]>
              </value>
            </param>
            <param index="1">
              <value>
                <![CDATA[chrome]]>
              </value>
            </param>
          </params>
          <reporter-output>
          </reporter-output>
        </test-method> <!-- result -->
        <test-method status="PASS" signature="tearDown()[pri:0, instance:[Smoke_tko_20 passed=0 failed=0 skipped=0]]" name="tearDown" is-config="true" duration-ms="594" started-at="2019-08-12T16:57:05Z" finished-at="2019-08-12T16:57:06Z">
          <reporter-output>
          </reporter-output>
        </test-method> <!-- tearDown -->
      </class> <!-- com.tests.smoke.Smoke_tko_20 -->
      <class name="com.tests.smoke.Smoke_tko_25">
        <test-method status="PASS" signature="setUp(java.lang.String, java.lang.String)[pri:0, instance:[Smoke_tko_25 passed=0 failed=0 skipped=0]]" name="setUp" is-config="true" duration-ms="5505" started-at="2019-08-12T17:00:12Z" finished-at="2019-08-12T17:00:18Z">
          <params>
            <param index="0">
              <value>
                <![CDATA[http://tko-qa.groupstp.ru/app/#!/]]>
              </value>
            </param>
            <param index="1">
              <value>
                <![CDATA[test]]>
              </value>
            </param>
          </params>
          <reporter-output>
          </reporter-output>
        </test-method> <!-- setUp -->
        <test-method status="PASS" signature="startVideo(org.testng.ITestResult, java.lang.String, java.lang.String)[pri:0, instance:[Smoke_tko_25 passed=0 failed=0 skipped=0]]" name="startVideo" is-config="true" duration-ms="291" started-at="2019-08-12T17:00:18Z" finished-at="2019-08-12T17:00:18Z">
          <params>
            <param index="0">
              <value>
                <![CDATA[[TestResult name=smoke1 on [Smoke_tko_25 passed=0 failed=0 skipped=0] status=SUCCESS method=Smoke_tko_25.smoke1()[pri:1, instance:[Smoke_tko_25 passed=0 failed=0 skipped=0]] output=</details></b>]]]>
              </value>
            </param>
            <param index="1">
              <value>
                <![CDATA[chrome]]>
              </value>
            </param>
            <param index="2">
              <value>
                <![CDATA[http://tko-qa.groupstp.ru/app/#!/]]>
              </value>
            </param>
          </params>
          <reporter-output>
            <line>
              <![CDATA[</b><details><summary>Click to see last screen...</summary> <br></b>]]>
            </line>
            <line>
              <![CDATA[Открыть http://tko-qa.groupstp.ru/app/#!/ <br>]]>
            </line>
          </reporter-output>
        </test-method> <!-- startVideo -->
        <test-method status="PASS" signature="smoke1()[pri:1, instance:[Smoke_tko_25 passed=0 failed=0 skipped=0]]" name="smoke1" duration-ms="21492" started-at="2019-08-12T17:00:18Z" finished-at="2019-08-12T17:00:40Z">
          <reporter-output>
            <line>
              <![CDATA[</details></b>]]>
            </line>
            <line>
              <![CDATA[<a href=..\videos\smoke1.WMV download="filename">Download video</a>]]>
            </line>
            <line>
              <![CDATA[<video width="320" height="240" controls>
  <source src="..\videos\smoke1.WMV" type="video/wmv">
</video>]]>
            </line>
            <line>
              <![CDATA[<br><b><div align="left" style=" height:30px; width:250px; padding: 10px;  border: 2px solid gray; margin: 0; background-color:#19FF3A;">Class - Smoke_tko_25 TEST - smoke1 OK! chrome</div></b>]]>
            </line>
          </reporter-output>
        </test-method> <!-- smoke1 -->
        <test-method status="PASS" signature="result(org.testng.ITestResult, java.lang.String)[pri:0, instance:[Smoke_tko_25 passed=0 failed=0 skipped=0]]" name="result" is-config="true" duration-ms="70" started-at="2019-08-12T17:00:40Z" finished-at="2019-08-12T17:00:40Z">
          <params>
            <param index="0">
              <value>
                <![CDATA[[TestResult name=smoke1 on [Smoke_tko_25 passed=0 failed=0 skipped=0] status=SUCCESS method=Smoke_tko_25.smoke1()[pri:1, instance:[Smoke_tko_25 passed=0 failed=0 skipped=0]] output=</details></b>]]]>
              </value>
            </param>
            <param index="1">
              <value>
                <![CDATA[chrome]]>
              </value>
            </param>
          </params>
          <reporter-output>
          </reporter-output>
        </test-method> <!-- result -->
        <test-method status="PASS" signature="tearDown()[pri:0, instance:[Smoke_tko_25 passed=0 failed=0 skipped=0]]" name="tearDown" is-config="true" duration-ms="600" started-at="2019-08-12T17:00:40Z" finished-at="2019-08-12T17:00:40Z">
          <reporter-output>
          </reporter-output>
        </test-method> <!-- tearDown -->
      </class> <!-- com.tests.smoke.Smoke_tko_25 -->
      <class name="com.tests.smoke.Smoke_tko_24">
        <test-method status="PASS" signature="setUp(java.lang.String, java.lang.String)[pri:0, instance:[Smoke_tko_24 passed=0 failed=0 skipped=0]]" name="setUp" is-config="true" duration-ms="5524" started-at="2019-08-12T16:59:26Z" finished-at="2019-08-12T16:59:32Z">
          <params>
            <param index="0">
              <value>
                <![CDATA[http://tko-qa.groupstp.ru/app/#!/]]>
              </value>
            </param>
            <param index="1">
              <value>
                <![CDATA[test]]>
              </value>
            </param>
          </params>
          <reporter-output>
          </reporter-output>
        </test-method> <!-- setUp -->
        <test-method status="PASS" signature="startVideo(org.testng.ITestResult, java.lang.String, java.lang.String)[pri:0, instance:[Smoke_tko_24 passed=0 failed=0 skipped=0]]" name="startVideo" is-config="true" duration-ms="298" started-at="2019-08-12T16:59:32Z" finished-at="2019-08-12T16:59:32Z">
          <params>
            <param index="0">
              <value>
                <![CDATA[[TestResult name=smoke1 on [Smoke_tko_24 passed=0 failed=0 skipped=0] status=SUCCESS method=Smoke_tko_24.smoke1()[pri:1, instance:[Smoke_tko_24 passed=0 failed=0 skipped=0]] output=</details></b>]]]>
              </value>
            </param>
            <param index="1">
              <value>
                <![CDATA[chrome]]>
              </value>
            </param>
            <param index="2">
              <value>
                <![CDATA[http://tko-qa.groupstp.ru/app/#!/]]>
              </value>
            </param>
          </params>
          <reporter-output>
            <line>
              <![CDATA[</b><details><summary>Click to see last screen...</summary> <br></b>]]>
            </line>
            <line>
              <![CDATA[Открыть http://tko-qa.groupstp.ru/app/#!/ <br>]]>
            </line>
          </reporter-output>
        </test-method> <!-- startVideo -->
        <test-method status="PASS" signature="smoke1()[pri:1, instance:[Smoke_tko_24 passed=0 failed=0 skipped=0]]" name="smoke1" duration-ms="39832" started-at="2019-08-12T16:59:32Z" finished-at="2019-08-12T17:00:12Z">
          <reporter-output>
            <line>
              <![CDATA[</details></b>]]>
            </line>
            <line>
              <![CDATA[<a href=..\videos\smoke1.WMV download="filename">Download video</a>]]>
            </line>
            <line>
              <![CDATA[<video width="320" height="240" controls>
  <source src="..\videos\smoke1.WMV" type="video/wmv">
</video>]]>
            </line>
            <line>
              <![CDATA[<br><b><div align="left" style=" height:30px; width:250px; padding: 10px;  border: 2px solid gray; margin: 0; background-color:#19FF3A;">Class - Smoke_tko_24 TEST - smoke1 OK! chrome</div></b>]]>
            </line>
          </reporter-output>
        </test-method> <!-- smoke1 -->
        <test-method status="PASS" signature="result(org.testng.ITestResult, java.lang.String)[pri:0, instance:[Smoke_tko_24 passed=0 failed=0 skipped=0]]" name="result" is-config="true" duration-ms="37" started-at="2019-08-12T17:00:12Z" finished-at="2019-08-12T17:00:12Z">
          <params>
            <param index="0">
              <value>
                <![CDATA[[TestResult name=smoke1 on [Smoke_tko_24 passed=0 failed=0 skipped=0] status=SUCCESS method=Smoke_tko_24.smoke1()[pri:1, instance:[Smoke_tko_24 passed=0 failed=0 skipped=0]] output=</details></b>]]]>
              </value>
            </param>
            <param index="1">
              <value>
                <![CDATA[chrome]]>
              </value>
            </param>
          </params>
          <reporter-output>
          </reporter-output>
        </test-method> <!-- result -->
        <test-method status="PASS" signature="tearDown()[pri:0, instance:[Smoke_tko_24 passed=0 failed=0 skipped=0]]" name="tearDown" is-config="true" duration-ms="601" started-at="2019-08-12T17:00:12Z" finished-at="2019-08-12T17:00:12Z">
          <reporter-output>
          </reporter-output>
        </test-method> <!-- tearDown -->
      </class> <!-- com.tests.smoke.Smoke_tko_24 -->
      <class name="com.tests.smoke.Smoke_tko_23">
        <test-method status="PASS" signature="setUp(java.lang.String, java.lang.String)[pri:0, instance:[Smoke_tko_23 passed=0 failed=0 skipped=0]]" name="setUp" is-config="true" duration-ms="5542" started-at="2019-08-12T16:58:41Z" finished-at="2019-08-12T16:58:46Z">
          <params>
            <param index="0">
              <value>
                <![CDATA[http://tko-qa.groupstp.ru/app/#!/]]>
              </value>
            </param>
            <param index="1">
              <value>
                <![CDATA[test]]>
              </value>
            </param>
          </params>
          <reporter-output>
          </reporter-output>
        </test-method> <!-- setUp -->
        <test-method status="PASS" signature="startVideo(org.testng.ITestResult, java.lang.String, java.lang.String)[pri:0, instance:[Smoke_tko_23 passed=0 failed=0 skipped=0]]" name="startVideo" is-config="true" duration-ms="302" started-at="2019-08-12T16:58:46Z" finished-at="2019-08-12T16:58:46Z">
          <params>
            <param index="0">
              <value>
                <![CDATA[[TestResult name=smoke1 on [Smoke_tko_23 passed=0 failed=0 skipped=0] status=SUCCESS method=Smoke_tko_23.smoke1()[pri:1, instance:[Smoke_tko_23 passed=0 failed=0 skipped=0]] output=</details></b>]]]>
              </value>
            </param>
            <param index="1">
              <value>
                <![CDATA[chrome]]>
              </value>
            </param>
            <param index="2">
              <value>
                <![CDATA[http://tko-qa.groupstp.ru/app/#!/]]>
              </value>
            </param>
          </params>
          <reporter-output>
            <line>
              <![CDATA[</b><details><summary>Click to see last screen...</summary> <br></b>]]>
            </line>
            <line>
              <![CDATA[Открыть http://tko-qa.groupstp.ru/app/#!/ <br>]]>
            </line>
          </reporter-output>
        </test-method> <!-- startVideo -->
        <test-method status="PASS" signature="smoke1()[pri:1, instance:[Smoke_tko_23 passed=0 failed=0 skipped=0]]" name="smoke1" duration-ms="38838" started-at="2019-08-12T16:58:46Z" finished-at="2019-08-12T16:59:25Z">
          <reporter-output>
            <line>
              <![CDATA[</details></b>]]>
            </line>
            <line>
              <![CDATA[<a href=..\videos\smoke1.WMV download="filename">Download video</a>]]>
            </line>
            <line>
              <![CDATA[<video width="320" height="240" controls>
  <source src="..\videos\smoke1.WMV" type="video/wmv">
</video>]]>
            </line>
            <line>
              <![CDATA[<br><b><div align="left" style=" height:30px; width:250px; padding: 10px;  border: 2px solid gray; margin: 0; background-color:#19FF3A;">Class - Smoke_tko_23 TEST - smoke1 OK! chrome</div></b>]]>
            </line>
          </reporter-output>
        </test-method> <!-- smoke1 -->
        <test-method status="PASS" signature="result(org.testng.ITestResult, java.lang.String)[pri:0, instance:[Smoke_tko_23 passed=0 failed=0 skipped=0]]" name="result" is-config="true" duration-ms="126" started-at="2019-08-12T16:59:25Z" finished-at="2019-08-12T16:59:25Z">
          <params>
            <param index="0">
              <value>
                <![CDATA[[TestResult name=smoke1 on [Smoke_tko_23 passed=0 failed=0 skipped=0] status=SUCCESS method=Smoke_tko_23.smoke1()[pri:1, instance:[Smoke_tko_23 passed=0 failed=0 skipped=0]] output=</details></b>]]]>
              </value>
            </param>
            <param index="1">
              <value>
                <![CDATA[chrome]]>
              </value>
            </param>
          </params>
          <reporter-output>
          </reporter-output>
        </test-method> <!-- result -->
        <test-method status="PASS" signature="tearDown()[pri:0, instance:[Smoke_tko_23 passed=0 failed=0 skipped=0]]" name="tearDown" is-config="true" duration-ms="593" started-at="2019-08-12T16:59:25Z" finished-at="2019-08-12T16:59:26Z">
          <reporter-output>
          </reporter-output>
        </test-method> <!-- tearDown -->
      </class> <!-- com.tests.smoke.Smoke_tko_23 -->
      <class name="com.tests.smoke.Smoke_tko_22">
        <test-method status="PASS" signature="setUp(java.lang.String, java.lang.String)[pri:0, instance:[Smoke_tko_22 passed=0 failed=0 skipped=0]]" name="setUp" is-config="true" duration-ms="5451" started-at="2019-08-12T16:53:38Z" finished-at="2019-08-12T16:53:43Z">
          <params>
            <param index="0">
              <value>
                <![CDATA[http://tko-qa.groupstp.ru/app/#!/]]>
              </value>
            </param>
            <param index="1">
              <value>
                <![CDATA[test]]>
              </value>
            </param>
          </params>
          <reporter-output>
          </reporter-output>
        </test-method> <!-- setUp -->
        <test-method status="PASS" signature="startVideo(org.testng.ITestResult, java.lang.String, java.lang.String)[pri:0, instance:[Smoke_tko_22 passed=0 failed=0 skipped=0]]" name="startVideo" is-config="true" duration-ms="303" started-at="2019-08-12T16:53:43Z" finished-at="2019-08-12T16:53:44Z">
          <params>
            <param index="0">
              <value>
                <![CDATA[[TestResult name=smoke1 on [Smoke_tko_22 passed=0 failed=0 skipped=0] status=FAILURE method=Smoke_tko_22.smoke1()[pri:1, instance:[Smoke_tko_22 passed=0 failed=0 skipped=0]] output=</details></b>]]]>
              </value>
            </param>
            <param index="1">
              <value>
                <![CDATA[chrome]]>
              </value>
            </param>
            <param index="2">
              <value>
                <![CDATA[http://tko-qa.groupstp.ru/app/#!/]]>
              </value>
            </param>
          </params>
          <reporter-output>
            <line>
              <![CDATA[</b><details><summary>Click to see last screen...</summary> <br></b>]]>
            </line>
            <line>
              <![CDATA[Открыть http://tko-qa.groupstp.ru/app/#!/ <br>]]>
            </line>
          </reporter-output>
        </test-method> <!-- startVideo -->
        <test-method status="FAIL" signature="smoke1()[pri:1, instance:[Smoke_tko_22 passed=0 failed=0 skipped=0]]" name="smoke1" duration-ms="94459" started-at="2019-08-12T16:53:44Z" finished-at="2019-08-12T16:55:18Z">
          <exception class="com.codeborne.selenide.ex.ElementNotFound">
            <message>
              <![CDATA[Element not found {By.xpath: (//div[@class='v-button v-widget icon v-button-icon'])[2]}
Expected: visible]]>
            </message>
            <full-stacktrace>
              <![CDATA[Element not found {By.xpath: (//div[@class='v-button v-widget icon v-button-icon'])[2]}
Expected: visible
Screenshot: file:/C:/Users/Home/git/AutoTKO/TKO/build/reports/tests/1565628918072.2.png
Page source: file:/C:/Users/Home/git/AutoTKO/TKO/build/reports/tests/1565628918072.2.html
Timeout: 5 s.
Caused by: NoSuchElementException: no such element: Unable to locate element: {"method":"xpath","selector":"(//div[@class='v-button v-widget icon v-button-icon'])[2]"}
at com.codeborne.selenide.impl.WebElementSource.createElementNotFoundError(WebElementSource.java:37)
at com.codeborne.selenide.impl.ElementFinder.createElementNotFoundError(ElementFinder.java:100)
at com.codeborne.selenide.impl.WebElementSource.checkCondition(WebElementSource.java:65)
at com.codeborne.selenide.commands.Should.should(Should.java:35)
at com.codeborne.selenide.commands.Should.execute(Should.java:29)
at com.codeborne.selenide.commands.Should.execute(Should.java:12)
at com.codeborne.selenide.commands.Commands.execute(Commands.java:144)
at com.codeborne.selenide.impl.SelenideElementProxy.dispatchAndRetry(SelenideElementProxy.java:99)
at com.codeborne.selenide.impl.SelenideElementProxy.invoke(SelenideElementProxy.java:65)
at com.sun.proxy.$Proxy10.waitUntil(Unknown Source)
at com.pages.tko_22_RejectProperty.buttonRefuse(tko_22_RejectProperty.java:88)
at com.pages.tko_22_RejectProperty.request(tko_22_RejectProperty.java:203)
at com.pages.tko_22_RejectProperty.RejectProperty(tko_22_RejectProperty.java:248)
at com.tests.smoke.Smoke_tko_22.smoke1(Smoke_tko_22.java:18)
at sun.reflect.NativeMethodAccessorImpl.invoke0(Native Method)
at sun.reflect.NativeMethodAccessorImpl.invoke(Unknown Source)
at sun.reflect.DelegatingMethodAccessorImpl.invoke(Unknown Source)
at java.lang.reflect.Method.invoke(Unknown Source)
at org.testng.internal.MethodInvocationHelper.invokeMethod(MethodInvocationHelper.java:124)
at org.testng.internal.Invoker.invokeMethod(Invoker.java:583)
at org.testng.internal.Invoker.invokeTestMethod(Invoker.java:719)
at org.testng.internal.Invoker.invokeTestMethods(Invoker.java:989)
at org.testng.internal.TestMethodWorker.invokeTestMethods(TestMethodWorker.java:125)
at org.testng.internal.TestMethodWorker.run(TestMethodWorker.java:109)
at org.testng.TestRunner.privateRun(TestRunner.java:648)
at org.testng.TestRunner.run(TestRunner.java:505)
at org.testng.SuiteRunner.runTest(SuiteRunner.java:455)
at org.testng.SuiteRunner.runSequentially(SuiteRunner.java:450)
at org.testng.SuiteRunner.privateRun(SuiteRunner.java:415)
at org.testng.SuiteRunner.run(SuiteRunner.java:364)
at org.testng.SuiteRunnerWorker.runSuite(SuiteRunnerWorker.java:52)
at org.testng.SuiteRunnerWorker.run(SuiteRunnerWorker.java:84)
at org.testng.TestNG.runSuitesSequentially(TestNG.java:1208)
at org.testng.TestNG.runSuitesLocally(TestNG.java:1137)
at org.testng.TestNG.runSuites(TestNG.java:1049)
at org.testng.TestNG.run(TestNG.java:1017)
at org.testng.remote.AbstractRemoteTestNG.run(AbstractRemoteTestNG.java:115)
at org.testng.remote.RemoteTestNG.initAndRun(RemoteTestNG.java:251)
at org.testng.remote.RemoteTestNG.main(RemoteTestNG.java:77)
Caused by: org.openqa.selenium.NoSuchElementException: no such element: Unable to locate element: {"method":"xpath","selector":"(//div[@class='v-button v-widget icon v-button-icon'])[2]"}
  (Session info: chrome=76.0.3809.100)
For documentation on this error, please visit: https://www.seleniumhq.org/exceptions/no_such_element.html
Build info: version: '3.141.59', revision: 'e82be7d358', time: '2018-11-14T08:17:03'
System info: host: 'DESKTOP-J47TJ88', ip: '192.168.0.105', os.name: 'Windows 10', os.arch: 'amd64', os.version: '10.0', java.version: '1.8.0_201'
Driver info: org.openqa.selenium.chrome.ChromeDriver
Capabilities {acceptInsecureCerts: false, browserName: chrome, browserVersion: 76.0.3809.100, chrome: {chromedriverVersion: 75.0.3770.140 (2d9f97485c7b..., userDataDir: C:\Users\Home\AppData\Local...}, goog:chromeOptions: {debuggerAddress: localhost:61379}, javascriptEnabled: true, networkConnectionEnabled: false, pageLoadStrategy: normal, platform: XP, platformName: XP, proxy: Proxy(), setWindowRect: true, strictFileInteractability: false, timeouts: {implicit: 0, pageLoad: 300000, script: 30000}, unhandledPromptBehavior: dismiss and notify}
Session ID: 7eb4318928386e3bec957a309addf98e
*** Element info: {Using=xpath, value=(//div[@class='v-button v-widget icon v-button-icon'])[2]}
at sun.reflect.GeneratedConstructorAccessor27.newInstance(Unknown Source)
at sun.reflect.DelegatingConstructorAccessorImpl.newInstance(Unknown Source)
at java.lang.reflect.Constructor.newInstance(Unknown Source)
at org.openqa.selenium.remote.http.W3CHttpResponseCodec.createException(W3CHttpResponseCodec.java:187)
at org.openqa.selenium.remote.http.W3CHttpResponseCodec.decode(W3CHttpResponseCodec.java:122)
at org.openqa.selenium.remote.http.W3CHttpResponseCodec.decode(W3CHttpResponseCodec.java:49)
at org.openqa.selenium.remote.HttpCommandExecutor.execute(HttpCommandExecutor.java:158)
at org.openqa.selenium.remote.service.DriverCommandExecutor.execute(DriverCommandExecutor.java:83)
at org.openqa.selenium.remote.RemoteWebDriver.execute(RemoteWebDriver.java:552)
at org.openqa.selenium.remote.RemoteWebDriver.findElement(RemoteWebDriver.java:323)
at org.openqa.selenium.remote.RemoteWebDriver.findElementByXPath(RemoteWebDriver.java:428)
at org.openqa.selenium.By$ByXPath.findElement(By.java:353)
at org.openqa.selenium.remote.RemoteWebDriver.findElement(RemoteWebDriver.java:315)
at com.codeborne.selenide.impl.WebElementSelector.findElement(WebElementSelector.java:28)
at com.codeborne.selenide.impl.ElementFinder.getWebElement(ElementFinder.java:74)
at com.codeborne.selenide.impl.WebElementSource.checkCondition(WebElementSource.java:50)
... 36 more
]]>
            </full-stacktrace>
          </exception> <!-- com.codeborne.selenide.ex.ElementNotFound -->
          <reporter-output>
            <line>
              <![CDATA[</details></b>]]>
            </line>
            <line>
              <![CDATA[<a href=..\videos\smoke1.WMV download="filename">Download video</a>]]>
            </line>
            <line>
              <![CDATA[<br><b><div align="left" style=" height:30px; width:250px; padding: 10px; border: 2px solid gray; margin: 0; background-color:#ff2500;">Class - Smoke_tko_22  TEST - smoke1 Fail! chrome</div></b>]]>
            </line>
            <line>
              <![CDATA[</b><details><summary>Show steps..</summary> <br>]]>
            </line>
          </reporter-output>
        </test-method> <!-- smoke1 -->
        <test-method status="PASS" signature="result(org.testng.ITestResult, java.lang.String)[pri:0, instance:[Smoke_tko_22 passed=0 failed=0 skipped=0]]" name="result" is-config="true" duration-ms="47" started-at="2019-08-12T16:55:18Z" finished-at="2019-08-12T16:55:18Z">
          <params>
            <param index="0">
              <value>
                <![CDATA[[TestResult name=smoke1 on [Smoke_tko_22 passed=0 failed=0 skipped=0] status=FAILURE method=Smoke_tko_22.smoke1()[pri:1, instance:[Smoke_tko_22 passed=0 failed=0 skipped=0]] output=</details></b>]]]>
              </value>
            </param>
            <param index="1">
              <value>
                <![CDATA[chrome]]>
              </value>
            </param>
          </params>
          <reporter-output>
          </reporter-output>
        </test-method> <!-- result -->
        <test-method status="PASS" signature="tearDown()[pri:0, instance:[Smoke_tko_22 passed=0 failed=0 skipped=0]]" name="tearDown" is-config="true" duration-ms="593" started-at="2019-08-12T16:55:18Z" finished-at="2019-08-12T16:55:19Z">
          <reporter-output>
          </reporter-output>
        </test-method> <!-- tearDown -->
      </class> <!-- com.tests.smoke.Smoke_tko_22 -->
      <class name="com.tests.smoke.Smoke_tko_28">
        <test-method status="PASS" signature="setUp(java.lang.String, java.lang.String)[pri:0, instance:[Smoke_tko_28 passed=0 failed=0 skipped=0]]" name="setUp" is-config="true" duration-ms="5437" started-at="2019-08-12T16:41:05Z" finished-at="2019-08-12T16:41:10Z">
          <params>
            <param index="0">
              <value>
                <![CDATA[http://tko-qa.groupstp.ru/app/#!/]]>
              </value>
            </param>
            <param index="1">
              <value>
                <![CDATA[test]]>
              </value>
            </param>
          </params>
          <reporter-output>
          </reporter-output>
        </test-method> <!-- setUp -->
        <test-method status="PASS" signature="startVideo(org.testng.ITestResult, java.lang.String, java.lang.String)[pri:0, instance:[Smoke_tko_28 passed=0 failed=0 skipped=0]]" name="startVideo" is-config="true" duration-ms="308" started-at="2019-08-12T16:41:10Z" finished-at="2019-08-12T16:41:10Z">
          <params>
            <param index="0">
              <value>
                <![CDATA[[TestResult name=smoke1 on [Smoke_tko_28 passed=0 failed=0 skipped=0] status=SUCCESS method=Smoke_tko_28.smoke1()[pri:1, instance:[Smoke_tko_28 passed=0 failed=0 skipped=0]] output=</details></b>]]]>
              </value>
            </param>
            <param index="1">
              <value>
                <![CDATA[chrome]]>
              </value>
            </param>
            <param index="2">
              <value>
                <![CDATA[http://tko-qa.groupstp.ru/app/#!/]]>
              </value>
            </param>
          </params>
          <reporter-output>
            <line>
              <![CDATA[</b><details><summary>Click to see last screen...</summary> <br></b>]]>
            </line>
            <line>
              <![CDATA[Открыть http://tko-qa.groupstp.ru/app/#!/ <br>]]>
            </line>
          </reporter-output>
        </test-method> <!-- startVideo -->
        <test-method status="PASS" signature="smoke1()[pri:1, instance:[Smoke_tko_28 passed=0 failed=0 skipped=0]]" name="smoke1" duration-ms="22902" started-at="2019-08-12T16:41:10Z" finished-at="2019-08-12T16:41:33Z">
          <reporter-output>
            <line>
              <![CDATA[</details></b>]]>
            </line>
            <line>
              <![CDATA[<a href=..\videos\smoke1.WMV download="filename">Download video</a>]]>
            </line>
            <line>
              <![CDATA[<video width="320" height="240" controls>
  <source src="..\videos\smoke1.WMV" type="video/wmv">
</video>]]>
            </line>
            <line>
              <![CDATA[<br><b><div align="left" style=" height:30px; width:250px; padding: 10px;  border: 2px solid gray; margin: 0; background-color:#19FF3A;">Class - Smoke_tko_28 TEST - smoke1 OK! chrome</div></b>]]>
            </line>
          </reporter-output>
        </test-method> <!-- smoke1 -->
        <test-method status="PASS" signature="result(org.testng.ITestResult, java.lang.String)[pri:0, instance:[Smoke_tko_28 passed=0 failed=0 skipped=0]]" name="result" is-config="true" duration-ms="109" started-at="2019-08-12T16:41:33Z" finished-at="2019-08-12T16:41:33Z">
          <params>
            <param index="0">
              <value>
                <![CDATA[[TestResult name=smoke1 on [Smoke_tko_28 passed=0 failed=0 skipped=0] status=SUCCESS method=Smoke_tko_28.smoke1()[pri:1, instance:[Smoke_tko_28 passed=0 failed=0 skipped=0]] output=</details></b>]]]>
              </value>
            </param>
            <param index="1">
              <value>
                <![CDATA[chrome]]>
              </value>
            </param>
          </params>
          <reporter-output>
          </reporter-output>
        </test-method> <!-- result -->
        <test-method status="PASS" signature="tearDown()[pri:0, instance:[Smoke_tko_28 passed=0 failed=0 skipped=0]]" name="tearDown" is-config="true" duration-ms="591" started-at="2019-08-12T16:41:33Z" finished-at="2019-08-12T16:41:34Z">
          <reporter-output>
          </reporter-output>
        </test-method> <!-- tearDown -->
      </class> <!-- com.tests.smoke.Smoke_tko_28 -->
      <class name="com.tests.smoke.Smoke_tko_27">
        <test-method status="PASS" signature="setUp(java.lang.String, java.lang.String)[pri:0, instance:[Smoke_tko_27 passed=0 failed=0 skipped=0]]" name="setUp" is-config="true" duration-ms="5515" started-at="2019-08-12T17:01:12Z" finished-at="2019-08-12T17:01:17Z">
          <params>
            <param index="0">
              <value>
                <![CDATA[http://tko-qa.groupstp.ru/app/#!/]]>
              </value>
            </param>
            <param index="1">
              <value>
                <![CDATA[test]]>
              </value>
            </param>
          </params>
          <reporter-output>
          </reporter-output>
        </test-method> <!-- setUp -->
        <test-method status="PASS" signature="startVideo(org.testng.ITestResult, java.lang.String, java.lang.String)[pri:0, instance:[Smoke_tko_27 passed=0 failed=0 skipped=0]]" name="startVideo" is-config="true" duration-ms="292" started-at="2019-08-12T17:01:17Z" finished-at="2019-08-12T17:01:18Z">
          <params>
            <param index="0">
              <value>
                <![CDATA[[TestResult name=smoke1 on [Smoke_tko_27 passed=0 failed=0 skipped=0] status=SUCCESS method=Smoke_tko_27.smoke1()[pri:1, instance:[Smoke_tko_27 passed=0 failed=0 skipped=0]] output=</details></b>]]]>
              </value>
            </param>
            <param index="1">
              <value>
                <![CDATA[chrome]]>
              </value>
            </param>
            <param index="2">
              <value>
                <![CDATA[http://tko-qa.groupstp.ru/app/#!/]]>
              </value>
            </param>
          </params>
          <reporter-output>
            <line>
              <![CDATA[</b><details><summary>Click to see last screen...</summary> <br></b>]]>
            </line>
            <line>
              <![CDATA[Открыть http://tko-qa.groupstp.ru/app/#!/ <br>]]>
            </line>
          </reporter-output>
        </test-method> <!-- startVideo -->
        <test-method status="PASS" signature="smoke1()[pri:1, instance:[Smoke_tko_27 passed=0 failed=0 skipped=0]]" name="smoke1" duration-ms="19824" started-at="2019-08-12T17:01:18Z" finished-at="2019-08-12T17:01:37Z">
          <reporter-output>
            <line>
              <![CDATA[</details></b>]]>
            </line>
            <line>
              <![CDATA[<a href=..\videos\smoke1.WMV download="filename">Download video</a>]]>
            </line>
            <line>
              <![CDATA[<video width="320" height="240" controls>
  <source src="..\videos\smoke1.WMV" type="video/wmv">
</video>]]>
            </line>
            <line>
              <![CDATA[<br><b><div align="left" style=" height:30px; width:250px; padding: 10px;  border: 2px solid gray; margin: 0; background-color:#19FF3A;">Class - Smoke_tko_27 TEST - smoke1 OK! chrome</div></b>]]>
            </line>
          </reporter-output>
        </test-method> <!-- smoke1 -->
        <test-method status="PASS" signature="result(org.testng.ITestResult, java.lang.String)[pri:0, instance:[Smoke_tko_27 passed=0 failed=0 skipped=0]]" name="result" is-config="true" duration-ms="95" started-at="2019-08-12T17:01:37Z" finished-at="2019-08-12T17:01:38Z">
          <params>
            <param index="0">
              <value>
                <![CDATA[[TestResult name=smoke1 on [Smoke_tko_27 passed=0 failed=0 skipped=0] status=SUCCESS method=Smoke_tko_27.smoke1()[pri:1, instance:[Smoke_tko_27 passed=0 failed=0 skipped=0]] output=</details></b>]]]>
              </value>
            </param>
            <param index="1">
              <value>
                <![CDATA[chrome]]>
              </value>
            </param>
          </params>
          <reporter-output>
          </reporter-output>
        </test-method> <!-- result -->
        <test-method status="PASS" signature="tearDown()[pri:0, instance:[Smoke_tko_27 passed=0 failed=0 skipped=0]]" name="tearDown" is-config="true" duration-ms="592" started-at="2019-08-12T17:01:38Z" finished-at="2019-08-12T17:01:38Z">
          <reporter-output>
          </reporter-output>
        </test-method> <!-- tearDown -->
      </class> <!-- com.tests.smoke.Smoke_tko_27 -->
      <class name="com.tests.smoke.Smoke_tko_26">
        <test-method status="PASS" signature="setUp(java.lang.String, java.lang.String)[pri:0, instance:[Smoke_tko_26 passed=0 failed=0 skipped=0]]" name="setUp" is-config="true" duration-ms="5344" started-at="2019-08-12T17:00:40Z" finished-at="2019-08-12T17:00:46Z">
          <params>
            <param index="0">
              <value>
                <![CDATA[http://tko-qa.groupstp.ru/app/#!/]]>
              </value>
            </param>
            <param index="1">
              <value>
                <![CDATA[test]]>
              </value>
            </param>
          </params>
          <reporter-output>
          </reporter-output>
        </test-method> <!-- setUp -->
        <test-method status="PASS" signature="startVideo(org.testng.ITestResult, java.lang.String, java.lang.String)[pri:0, instance:[Smoke_tko_26 passed=0 failed=0 skipped=0]]" name="startVideo" is-config="true" duration-ms="298" started-at="2019-08-12T17:00:46Z" finished-at="2019-08-12T17:00:46Z">
          <params>
            <param index="0">
              <value>
                <![CDATA[[TestResult name=smoke1 on [Smoke_tko_26 passed=0 failed=0 skipped=0] status=FAILURE method=Smoke_tko_26.smoke1()[pri:1, instance:[Smoke_tko_26 passed=0 failed=0 skipped=0]] output=</details></b>]]]>
              </value>
            </param>
            <param index="1">
              <value>
                <![CDATA[chrome]]>
              </value>
            </param>
            <param index="2">
              <value>
                <![CDATA[http://tko-qa.groupstp.ru/app/#!/]]>
              </value>
            </param>
          </params>
          <reporter-output>
            <line>
              <![CDATA[</b><details><summary>Click to see last screen...</summary> <br></b>]]>
            </line>
            <line>
              <![CDATA[Открыть http://tko-qa.groupstp.ru/app/#!/ <br>]]>
            </line>
          </reporter-output>
        </test-method> <!-- startVideo -->
        <test-method status="FAIL" signature="smoke1()[pri:1, instance:[Smoke_tko_26 passed=0 failed=0 skipped=0]]" name="smoke1" duration-ms="25236" started-at="2019-08-12T17:00:46Z" finished-at="2019-08-12T17:01:11Z">
          <exception class="com.codeborne.selenide.ex.ElementNotFound">
            <message>
              <![CDATA[Element not found {By.xpath: //div[text()='Шаблоны']}
Expected: visible]]>
            </message>
            <full-stacktrace>
              <![CDATA[Element not found {By.xpath: //div[text()='Шаблоны']}
Expected: visible
Screenshot: file:/C:/Users/Home/git/AutoTKO/TKO/build/reports/tests/1565629271186.5.png
Page source: file:/C:/Users/Home/git/AutoTKO/TKO/build/reports/tests/1565629271186.5.html
Timeout: 5 s.
Caused by: NoSuchElementException: no such element: Unable to locate element: {"method":"xpath","selector":"//div[text()='Шаблоны']"}
at com.codeborne.selenide.impl.WebElementSource.createElementNotFoundError(WebElementSource.java:37)
at com.codeborne.selenide.impl.ElementFinder.createElementNotFoundError(ElementFinder.java:100)
at com.codeborne.selenide.impl.WebElementSource.checkCondition(WebElementSource.java:65)
at com.codeborne.selenide.commands.Should.should(Should.java:35)
at com.codeborne.selenide.commands.Should.execute(Should.java:29)
at com.codeborne.selenide.commands.Should.execute(Should.java:12)
at com.codeborne.selenide.commands.Commands.execute(Commands.java:144)
at com.codeborne.selenide.impl.SelenideElementProxy.dispatchAndRetry(SelenideElementProxy.java:99)
at com.codeborne.selenide.impl.SelenideElementProxy.invoke(SelenideElementProxy.java:65)
at com.sun.proxy.$Proxy10.waitUntil(Unknown Source)
at com.pages.tko_26_SendSomeMassage.menuTemplate(tko_26_SendSomeMassage.java:73)
at com.pages.tko_26_SendSomeMassage.selectUser(tko_26_SendSomeMassage.java:173)
at com.pages.tko_26_SendSomeMassage.SendSomeMassage(tko_26_SendSomeMassage.java:203)
at com.tests.smoke.Smoke_tko_26.smoke1(Smoke_tko_26.java:18)
at sun.reflect.NativeMethodAccessorImpl.invoke0(Native Method)
at sun.reflect.NativeMethodAccessorImpl.invoke(Unknown Source)
at sun.reflect.DelegatingMethodAccessorImpl.invoke(Unknown Source)
at java.lang.reflect.Method.invoke(Unknown Source)
at org.testng.internal.MethodInvocationHelper.invokeMethod(MethodInvocationHelper.java:124)
at org.testng.internal.Invoker.invokeMethod(Invoker.java:583)
at org.testng.internal.Invoker.invokeTestMethod(Invoker.java:719)
at org.testng.internal.Invoker.invokeTestMethods(Invoker.java:989)
at org.testng.internal.TestMethodWorker.invokeTestMethods(TestMethodWorker.java:125)
at org.testng.internal.TestMethodWorker.run(TestMethodWorker.java:109)
at org.testng.TestRunner.privateRun(TestRunner.java:648)
at org.testng.TestRunner.run(TestRunner.java:505)
at org.testng.SuiteRunner.runTest(SuiteRunner.java:455)
at org.testng.SuiteRunner.runSequentially(SuiteRunner.java:450)
[...]
              </value>
            </param>
            <param index="1">
              <value>
                <![CDATA[chrome]]>
              </value>
            </param>
          </params>
          <reporter-output>
          </reporter-output>
        </test-method> <!-- result -->
        <test-method status="PASS" signature="tearDown()[pri:0, instance:[Smoke_tko_17 passed=0 failed=0 skipped=0]]" name="tearDown" is-config="true" duration-ms="593" started-at="2019-08-12T16:41:04Z" finished-at="2019-08-12T16:41:05Z">
          <reporter-output>
          </reporter-output>
        </test-method> <!-- tearDown -->
      </class> <!-- com.tests.smoke.Smoke_tko_17 -->
      <class name="com.tests.smoke.Smoke_tko_16">
        <test-method status="PASS" signature="setUp(java.lang.String, java.lang.String)[pri:0, instance:[Smoke_tko_16 passed=0 failed=0 skipped=0]]" name="setUp" is-config="true" duration-ms="5443" started-at="2019-08-12T16:49:37Z" finished-at="2019-08-12T16:49:43Z">
          <params>
            <param index="0">
              <value>
                <![CDATA[http://tko-qa.groupstp.ru/app/#!/]]>
              </value>
            </param>
            <param index="1">
              <value>
                <![CDATA[test]]>
              </value>
            </param>
          </params>
          <reporter-output>
          </reporter-output>
        </test-method> <!-- setUp -->
        <test-method status="PASS" signature="startVideo(org.testng.ITestResult, java.lang.String, java.lang.String)[pri:0, instance:[Smoke_tko_16 passed=0 failed=0 skipped=0]]" name="startVideo" is-config="true" duration-ms="301" started-at="2019-08-12T16:49:43Z" finished-at="2019-08-12T16:49:43Z">
          <params>
            <param index="0">
              <value>
                <![CDATA[[TestResult name=smoke1 on [Smoke_tko_16 passed=0 failed=0 skipped=0] status=SUCCESS method=Smoke_tko_16.smoke1()[pri:1, instance:[Smoke_tko_16 passed=0 failed=0 skipped=0]] output=</details></b>]]]>
              </value>
            </param>
            <param index="1">
              <value>
                <![CDATA[chrome]]>
              </value>
            </param>
            <param index="2">
              <value>
                <![CDATA[http://tko-qa.groupstp.ru/app/#!/]]>
              </value>
            </param>
          </params>
          <reporter-output>
            <line>
              <![CDATA[</b><details><summary>Click to see last screen...</summary> <br></b>]]>
            </line>
            <line>
              <![CDATA[Открыть http://tko-qa.groupstp.ru/app/#!/ <br>]]>
            </line>
          </reporter-output>
        </test-method> <!-- startVideo -->
        <test-method status="PASS" signature="smoke1()[pri:1, instance:[Smoke_tko_16 passed=0 failed=0 skipped=0]]" name="smoke1" duration-ms="91035" started-at="2019-08-12T16:49:43Z" finished-at="2019-08-12T16:51:14Z">
          <reporter-output>
            <line>
              <![CDATA[</details></b>]]>
            </line>
            <line>
              <![CDATA[<a href=..\videos\smoke1.WMV download="filename">Download video</a>]]>
            </line>
            <line>
              <![CDATA[<video width="320" height="240" controls>
  <source src="..\videos\smoke1.WMV" type="video/wmv">
</video>]]>
            </line>
            <line>
              <![CDATA[<br><b><div align="left" style=" height:30px; width:250px; padding: 10px;  border: 2px solid gray; margin: 0; background-color:#19FF3A;">Class - Smoke_tko_16 TEST - smoke1 OK! chrome</div></b>]]>
            </line>
          </reporter-output>
        </test-method> <!-- smoke1 -->
        <test-method status="PASS" signature="result(org.testng.ITestResult, java.lang.String)[pri:0, instance:[Smoke_tko_16 passed=0 failed=0 skipped=0]]" name="result" is-config="true" duration-ms="44" started-at="2019-08-12T16:51:14Z" finished-at="2019-08-12T16:51:14Z">
          <params>
            <param index="0">
              <value>
                <![CDATA[[TestResult name=smoke1 on [Smoke_tko_16 passed=0 failed=0 skipped=0] status=SUCCESS method=Smoke_tko_16.smoke1()[pri:1, instance:[Smoke_tko_16 passed=0 failed=0 skipped=0]] output=</details></b>]]]>
              </value>
            </param>
            <param index="1">
              <value>
                <![CDATA[chrome]]>
              </value>
            </param>
          </params>
          <reporter-output>
          </reporter-output>
        </test-method> <!-- result -->
        <test-method status="PASS" signature="tearDown()[pri:0, instance:[Smoke_tko_16 passed=0 failed=0 skipped=0]]" name="tearDown" is-config="true" duration-ms="594" started-at="2019-08-12T16:51:14Z" finished-at="2019-08-12T16:51:15Z">
          <reporter-output>
          </reporter-output>
        </test-method> <!-- tearDown -->
      </class> <!-- com.tests.smoke.Smoke_tko_16 -->
      <class name="com.tests.smoke.Smoke_tko_15">
        <test-method status="PASS" signature="setUp(java.lang.String, java.lang.String)[pri:0, instance:[Smoke_tko_15 passed=0 failed=0 skipped=0]]" name="setUp" is-config="true" duration-ms="5207" started-at="2019-08-12T16:38:27Z" finished-at="2019-08-12T16:38:33Z">
          <params>
            <param index="0">
              <value>
                <![CDATA[http://tko-qa.groupstp.ru/app/#!/]]>
              </value>
            </param>
            <param index="1">
              <value>
                <![CDATA[test]]>
              </value>
            </param>
          </params>
          <reporter-output>
          </reporter-output>
        </test-method> <!-- setUp -->
        <test-method status="PASS" signature="startVideo(org.testng.ITestResult, java.lang.String, java.lang.String)[pri:0, instance:[Smoke_tko_15 passed=0 failed=0 skipped=0]]" name="startVideo" is-config="true" duration-ms="312" started-at="2019-08-12T16:38:33Z" finished-at="2019-08-12T16:38:33Z">
          <params>
            <param index="0">
              <value>
                <![CDATA[[TestResult name=smoke1 on [Smoke_tko_15 passed=0 failed=0 skipped=0] status=SUCCESS method=Smoke_tko_15.smoke1()[pri:1, instance:[Smoke_tko_15 passed=0 failed=0 skipped=0]] output=</details></b>]]]>
              </value>
            </param>
            <param index="1">
              <value>
                <![CDATA[chrome]]>
              </value>
            </param>
            <param index="2">
              <value>
                <![CDATA[http://tko-qa.groupstp.ru/app/#!/]]>
              </value>
            </param>
          </params>
          <reporter-output>
            <line>
              <![CDATA[</b><details><summary>Click to see last screen...</summary> <br></b>]]>
            </line>
            <line>
              <![CDATA[Открыть http://tko-qa.groupstp.ru/app/#!/ <br>]]>
            </line>
          </reporter-output>
        </test-method> <!-- startVideo -->
        <test-method status="PASS" signature="smoke1()[pri:1, instance:[Smoke_tko_15 passed=0 failed=0 skipped=0]]" name="smoke1" duration-ms="11680" started-at="2019-08-12T16:38:33Z" finished-at="2019-08-12T16:38:45Z">
          <reporter-output>
            <line>
              <![CDATA[</details></b>]]>
            </line>
            <line>
              <![CDATA[<a href=..\videos\smoke1.WMV download="filename">Download video</a>]]>
            </line>
            <line>
              <![CDATA[<video width="320" height="240" controls>
  <source src="..\videos\smoke1.WMV" type="video/wmv">
</video>]]>
            </line>
            <line>
              <![CDATA[<br><b><div align="left" style=" height:30px; width:250px; padding: 10px;  border: 2px solid gray; margin: 0; background-color:#19FF3A;">Class - Smoke_tko_15 TEST - smoke1 OK! chrome</div></b>]]>
            </line>
          </reporter-output>
        </test-method> <!-- smoke1 -->
        <test-method status="PASS" signature="result(org.testng.ITestResult, java.lang.String)[pri:0, instance:[Smoke_tko_15 passed=0 failed=0 skipped=0]]" name="result" is-config="true" duration-ms="50" started-at="2019-08-12T16:38:45Z" finished-at="2019-08-12T16:38:45Z">
          <params>
            <param index="0">
              <value>
                <![CDATA[[TestResult name=smoke1 on [Smoke_tko_15 passed=0 failed=0 skipped=0] status=SUCCESS method=Smoke_tko_15.smoke1()[pri:1, instance:[Smoke_tko_15 passed=0 failed=0 skipped=0]] output=</details></b>]]]>
              </value>
            </param>
            <param index="1">
              <value>
                <![CDATA[chrome]]>
              </value>
            </param>
          </params>
          <reporter-output>
          </reporter-output>
        </test-method> <!-- result -->
        <test-method status="PASS" signature="tearDown()[pri:0, instance:[Smoke_tko_15 passed=0 failed=0 skipped=0]]" name="tearDown" is-config="true" duration-ms="594" started-at="2019-08-12T16:38:45Z" finished-at="2019-08-12T16:38:45Z">
          <reporter-output>
          </reporter-output>
        </test-method> <!-- tearDown -->
      </class> <!-- com.tests.smoke.Smoke_tko_15 -->
      <class name="com.tests.smoke.Smoke_tko_19">
        <test-method status="PASS" signature="setUp(java.lang.String, java.lang.String)[pri:0, instance:[Smoke_tko_19 passed=0 failed=0 skipped=0]]" name="setUp" is-config="true" duration-ms="5473" started-at="2019-08-12T16:57:34Z" finished-at="2019-08-12T16:57:39Z">
          <params>
            <param index="0">
              <value>
                <![CDATA[http://tko-qa.groupstp.ru/app/#!/]]>
              </value>
            </param>
            <param index="1">
              <value>
                <![CDATA[test]]>
              </value>
            </param>
          </params>
          <reporter-output>
          </reporter-output>
        </test-method> <!-- setUp -->
        <test-method status="PASS" signature="startVideo(org.testng.ITestResult, java.lang.String, java.lang.String)[pri:0, instance:[Smoke_tko_19 passed=0 failed=0 skipped=0]]" name="startVideo" is-config="true" duration-ms="295" started-at="2019-08-12T16:57:39Z" finished-at="2019-08-12T16:57:40Z">
          <params>
            <param index="0">
              <value>
                <![CDATA[[TestResult name=smoke1 on [Smoke_tko_19 passed=0 failed=0 skipped=0] status=FAILURE method=Smoke_tko_19.smoke1()[pri:1, instance:[Smoke_tko_19 passed=0 failed=0 skipped=0]] output=</details></b>]]]>
              </value>
            </param>
            <param index="1">
              <value>
                <![CDATA[chrome]]>
              </value>
            </param>
            <param index="2">
              <value>
                <![CDATA[http://tko-qa.groupstp.ru/app/#!/]]>
              </value>
            </param>
          </params>
          <reporter-output>
            <line>
              <![CDATA[</b><details><summary>Click to see last screen...</summary> <br></b>]]>
            </line>
            <line>
              <![CDATA[Открыть http://tko-qa.groupstp.ru/app/#!/ <br>]]>
            </line>
          </reporter-output>
        </test-method> <!-- startVideo -->
        <test-method status="FAIL" signature="smoke1()[pri:1, instance:[Smoke_tko_19 passed=0 failed=0 skipped=0]]" name="smoke1" duration-ms="60338" started-at="2019-08-12T16:57:40Z" finished-at="2019-08-12T16:58:40Z">
          <exception class="com.codeborne.selenide.ex.ElementNotFound">
            <message>
              <![CDATA[Element not found {By.xpath: //table[@class='v-table-table']//tr/td[3]}
Expected: visible]]>
            </message>
            <full-stacktrace>
              <![CDATA[Element not found {By.xpath: //table[@class='v-table-table']//tr/td[3]}
Expected: visible
Screenshot: file:/C:/Users/Home/git/AutoTKO/TKO/build/reports/tests/1565629119979.4.png
Page source: file:/C:/Users/Home/git/AutoTKO/TKO/build/reports/tests/1565629119979.4.html
Timeout: 5 s.
Caused by: NoSuchElementException: no such element: Unable to locate element: {"method":"xpath","selector":"//table[@class='v-table-table']//tr/td[3]"}
at com.codeborne.selenide.impl.WebElementSource.createElementNotFoundError(WebElementSource.java:37)
at com.codeborne.selenide.impl.ElementFinder.createElementNotFoundError(ElementFinder.java:100)
at com.codeborne.selenide.impl.WebElementSource.checkCondition(WebElementSource.java:65)
at com.codeborne.selenide.commands.Should.should(Should.java:35)
at com.codeborne.selenide.commands.Should.execute(Should.java:29)
at com.codeborne.selenide.commands.Should.execute(Should.java:12)
at com.codeborne.selenide.commands.Commands.execute(Commands.java:144)
at com.codeborne.selenide.impl.SelenideElementProxy.dispatchAndRetry(SelenideElementProxy.java:99)
at com.codeborne.selenide.impl.SelenideElementProxy.invoke(SelenideElementProxy.java:65)
at com.sun.proxy.$Proxy10.waitUntil(Unknown Source)
at com.pages.tko_19_AddPNOOLR.selectRequest(tko_19_AddPNOOLR.java:89)
at com.pages.tko_19_AddPNOOLR.request(tko_19_AddPNOOLR.java:211)
at com.pages.tko_19_AddPNOOLR.AddPNOOLR(tko_19_AddPNOOLR.java:260)
at com.tests.smoke.Smoke_tko_19.smoke1(Smoke_tko_19.java:18)
at sun.reflect.NativeMethodAccessorImpl.invoke0(Native Method)
at sun.reflect.NativeMethodAccessorImpl.invoke(Unknown Source)
at sun.reflect.DelegatingMethodAccessorImpl.invoke(Unknown Source)
at java.lang.reflect.Method.invoke(Unknown Source)
at org.testng.internal.MethodInvocationHelper.invokeMethod(MethodInvocationHelper.java:124)
at org.testng.internal.Invoker.invokeMethod(Invoker.java:583)
at org.testng.internal.Invoker.invokeTestMethod(Invoker.java:719)
at org.testng.internal.Invoker.invokeTestMethods(Invoker.java:989)
at org.testng.internal.TestMethodWorker.invokeTestMethods(TestMethodWorker.java:125)
at org.testng.internal.TestMethodWorker.run(TestMethodWorker.java:109)
at org.testng.TestRunner.privateRun(TestRunner.java:648)
at org.testng.TestRunner.run(TestRunner.java:505)
at org.testng.SuiteRunner.runTest(SuiteRunner.java:455)
at org.testng.SuiteRunner.runSequentially(SuiteRunner.java:450)
at org.testng.SuiteRunner.privateRun(SuiteRunner.java:415)
at org.testng.SuiteRunner.run(SuiteRunner.java:364)
at org.testng.SuiteRunnerWorker.runSuite(SuiteRunnerWorker.java:52)
at org.testng.SuiteRunnerWorker.run(SuiteRunnerWorker.java:84)
at org.testng.TestNG.runSuitesSequentially(TestNG.java:1208)
at org.testng.TestNG.runSuitesLocally(TestNG.java:1137)
at org.testng.TestNG.runSuites(TestNG.java:1049)
at org.testng.TestNG.run(TestNG.java:1017)
at org.testng.remote.AbstractRemoteTestNG.run(AbstractRemoteTestNG.java:115)
at org.testng.remote.RemoteTestNG.initAndRun(RemoteTestNG.java:251)
at org.testng.remote.RemoteTestNG.main(RemoteTestNG.java:77)
Caused by: org.openqa.selenium.NoSuchElementException: no such element: Unable to locate element: {"method":"xpath","selector":"//table[@class='v-table-table']//tr/td[3]"}
  (Session info: chrome=76.0.3809.100)
For documentation on this error, please visit: https://www.seleniumhq.org/exceptions/no_such_element.html
Build info: version: '3.141.59', revision: 'e82be7d358', time: '2018-11-14T08:17:03'
System info: host: 'DESKTOP-J47TJ88', ip: '192.168.0.105', os.name: 'Windows 10', os.arch: 'amd64', os.version: '10.0', java.version: '1.8.0_201'
Driver info: org.openqa.selenium.chrome.ChromeDriver
Capabilities {acceptInsecureCerts: false, browserName: chrome, browserVersion: 76.0.3809.100, chrome: {chromedriverVersion: 75.0.3770.140 (2d9f97485c7b..., userDataDir: C:\Users\Home\AppData\Local...}, goog:chromeOptions: {debuggerAddress: localhost:63250}, javascriptEnabled: true, networkConnectionEnabled: false, pageLoadStrategy: normal, platform: XP, platformName: XP, proxy: Proxy(), setWindowRect: true, strictFileInteractability: false, timeouts: {implicit: 0, pageLoad: 300000, script: 30000}, unhandledPromptBehavior: dismiss and notify}
Session ID: 92b957d78b009b870fdd8cf9d650ba8d
*** Element info: {Using=xpath, value=//table[@class='v-table-table']//tr/td[3]}
at sun.reflect.GeneratedConstructorAccessor27.newInstance(Unknown Source)
at sun.reflect.DelegatingConstructorAccessorImpl.newInstance(Unknown Source)
at java.lang.reflect.Constructor.newInstance(Unknown Source)
at org.openqa.selenium.remote.http.W3CHttpResponseCodec.createException(W3CHttpResponseCodec.java:187)
at org.openqa.selenium.remote.http.W3CHttpResponseCodec.decode(W3CHttpResponseCodec.java:122)
at org.openqa.selenium.remote.http.W3CHttpResponseCodec.decode(W3CHttpResponseCodec.java:49)
at org.openqa.selenium.remote.HttpCommandExecutor.execute(HttpCommandExecutor.java:158)
at org.openqa.selenium.remote.service.DriverCommandExecutor.execute(DriverCommandExecutor.java:83)
at org.openqa.selenium.remote.RemoteWebDriver.execute(RemoteWebDriver.java:552)
at org.openqa.selenium.remote.RemoteWebDriver.findElement(RemoteWebDriver.java:323)
at org.openqa.selenium.remote.RemoteWebDriver.findElementByXPath(RemoteWebDriver.java:428)
at org.openqa.selenium.By$ByXPath.findElement(By.java:353)
at org.openqa.selenium.remote.RemoteWebDriver.findElement(RemoteWebDriver.java:315)
at com.codeborne.selenide.impl.WebElementSelector.findElement(WebElementSelector.java:28)
at com.codeborne.selenide.impl.ElementFinder.getWebElement(ElementFinder.java:74)
at com.codeborne.selenide.impl.WebElementSource.checkCondition(WebElementSource.java:50)
... 36 more
]]>
            </full-stacktrace>
          </exception> <!-- com.codeborne.selenide.ex.ElementNotFound -->
          <reporter-output>
            <line>
              <![CDATA[</details></b>]]>
            </line>
            <line>
              <![CDATA[<a href=..\videos\smoke1.WMV download="filename">Download video</a>]]>
            </line>
            <line>
              <![CDATA[<br><b><div align="left" style=" height:30px; width:250px; padding: 10px; border: 2px solid gray; margin: 0; background-color:#ff2500;">Class - Smoke_tko_19  TEST - smoke1 Fail! chrome</div></b>]]>
            </line>
            <line>
              <![CDATA[</b><details><summary>Show steps..</summary> <br>]]>
            </line>
          </reporter-output>
        </test-method> <!-- smoke1 -->
        <test-method status="PASS" signature="result(org.testng.ITestResult, java.lang.String)[pri:0, instance:[Smoke_tko_19 passed=0 failed=0 skipped=0]]" name="result" is-config="true" duration-ms="116" started-at="2019-08-12T16:58:40Z" finished-at="2019-08-12T16:58:40Z">
          <params>
            <param index="0">
              <value>
                <![CDATA[[TestResult name=smoke1 on [Smoke_tko_19 passed=0 failed=0 skipped=0] status=FAILURE method=Smoke_tko_19.smoke1()[pri:1, instance:[Smoke_tko_19 passed=0 failed=0 skipped=0]] output=</details></b>]]]>
              </value>
            </param>
            <param index="1">
              <value>
                <![CDATA[chrome]]>
              </value>
            </param>
          </params>
          <reporter-output>
          </reporter-output>
        </test-method> <!-- result -->
        <test-method status="PASS" signature="tearDown()[pri:0, instance:[Smoke_tko_19 passed=0 failed=0 skipped=0]]" name="tearDown" is-config="true" duration-ms="591" started-at="2019-08-12T16:58:40Z" finished-at="2019-08-12T16:58:41Z">
          <reporter-output>
          </reporter-output>
        </test-method> <!-- tearDown -->
      </class> <!-- com.tests.smoke.Smoke_tko_19 -->
    </test> <!-- SMOKE TESTS -->
  </suite> <!-- SMOKE TESTS TKO -->
</testng-results>
