<?xml version="1.0" encoding="UTF-8"?>
<testng-results skipped="0" failed="1" ignored="0" total="1" passed="0">
  <reporter-output>
    <line>
      <![CDATA[</b><details><summary>Click to see last screen...</summary> <br></b>]]>
    </line>
    <line>
      <![CDATA[Открыть http://tko-qa.groupstp.ru/app/#!/ <br>]]>
    </line>
    <line>
      <![CDATA[</details></b>]]>
    </line>
    <line>
      <![CDATA[<a href=..\videos\smoke1.WMV download="filename">Download video</a>]]>
    </line>
    <line>
      <![CDATA[<br><b><div align="left" style=" height:30px; width:250px; padding: 10px; border: 2px solid gray; margin: 0; background-color:#ff2500;">Class - Smoke_tko_20  TEST - smoke1 Fail! chrome</div></b>]]>
    </line>
    <line>
      <![CDATA[</b><details><summary>Show steps..</summary> <br>]]>
    </line>
  </reporter-output>
  <suite name="SMOKE TESTS TKO" duration-ms="68721" started-at="2019-07-25T06:14:48Z" finished-at="2019-07-25T06:15:56Z">
    <groups>
      <group name="smoke">
        <method signature="Smoke_tko_20.smoke1()[pri:1, instance:[Smoke_tko_20 passed=0 failed=0 skipped=0]]" name="smoke1" class="com.tests.smoke.Smoke_tko_20"/>
      </group> <!-- smoke -->
    </groups>
    <test name="SMOKE TESTS" duration-ms="68721" started-at="2019-07-25T06:14:48Z" finished-at="2019-07-25T06:15:56Z">
      <class name="com.tests.smoke.Smoke_tko_20">
        <test-method status="PASS" signature="cleanUp()[pri:0, instance:[Smoke_tko_20 passed=0 failed=0 skipped=0]]" name="cleanUp" is-config="true" duration-ms="10" started-at="2019-07-25T06:14:48Z" finished-at="2019-07-25T06:14:48Z">
          <reporter-output>
          </reporter-output>
        </test-method> <!-- cleanUp -->
        <test-method status="PASS" signature="setUp(java.lang.String, java.lang.String)[pri:0, instance:[Smoke_tko_20 passed=0 failed=0 skipped=0]]" name="setUp" is-config="true" duration-ms="5890" started-at="2019-07-25T06:14:48Z" finished-at="2019-07-25T06:14:53Z">
          <params>
            <param index="0">
              <value>
                <![CDATA[http://tko-qa.groupstp.ru/app/#!/]]>
              </value>
            </param>
            <param index="1">
              <value>
                <![CDATA[test]]>
              </value>
            </param>
          </params>
          <reporter-output>
          </reporter-output>
        </test-method> <!-- setUp -->
        <test-method status="PASS" signature="startVideo(org.testng.ITestResult, java.lang.String, java.lang.String)[pri:0, instance:[Smoke_tko_20 passed=0 failed=0 skipped=0]]" name="startVideo" is-config="true" duration-ms="813" started-at="2019-07-25T06:14:53Z" finished-at="2019-07-25T06:14:54Z">
          <params>
            <param index="0">
              <value>
                <![CDATA[[TestResult name=smoke1 on [Smoke_tko_20 passed=0 failed=0 skipped=0] status=FAILURE method=Smoke_tko_20.smoke1()[pri:1, instance:[Smoke_tko_20 passed=0 failed=0 skipped=0]] output=</details></b>]]]>
              </value>
            </param>
            <param index="1">
              <value>
                <![CDATA[chrome]]>
              </value>
            </param>
            <param index="2">
              <value>
                <![CDATA[http://tko-qa.groupstp.ru/app/#!/]]>
              </value>
            </param>
          </params>
          <reporter-output>
            <line>
              <![CDATA[</b><details><summary>Click to see last screen...</summary> <br></b>]]>
            </line>
            <line>
              <![CDATA[Открыть http://tko-qa.groupstp.ru/app/#!/ <br>]]>
            </line>
          </reporter-output>
        </test-method> <!-- startVideo -->
        <test-method status="FAIL" signature="smoke1()[pri:1, instance:[Smoke_tko_20 passed=0 failed=0 skipped=0]]" name="smoke1" duration-ms="61283" started-at="2019-07-25T06:14:54Z" finished-at="2019-07-25T06:15:56Z">
          <exception class="com.codeborne.selenide.ex.ElementShould">
            <message>
              <![CDATA[Element should be visible {By.xpath: //div[@class='v-button v-widget friendly v-button-friendly icon v-button-icon']}
Element: '<div class="v-button v-widget friendly v-button-friendly icon v-button-icon" role="button" tabindex="0" displayed:false></div>']]>
            </message>
            <full-stacktrace>
              <![CDATA[Element should be visible {By.xpath: //div[@class='v-button v-widget friendly v-button-friendly icon v-button-icon']}
Element: '<div class="v-button v-widget friendly v-button-friendly icon v-button-icon" role="button" tabindex="0" displayed:false></div>'
Screenshot: file:/C:/Users/Home/git/AutoTKO/TKO/build/reports/tests/1564035355493.0.png
Page source: file:/C:/Users/Home/git/AutoTKO/TKO/build/reports/tests/1564035355493.0.html
Timeout: 5 s.
at com.codeborne.selenide.impl.WebElementSource.checkCondition(WebElementSource.java:72)
at com.codeborne.selenide.commands.Should.should(Should.java:35)
at com.codeborne.selenide.commands.Should.execute(Should.java:29)
at com.codeborne.selenide.commands.Should.execute(Should.java:12)
at com.codeborne.selenide.commands.Commands.execute(Commands.java:144)
at com.codeborne.selenide.impl.SelenideElementProxy.dispatchAndRetry(SelenideElementProxy.java:99)
at com.codeborne.selenide.impl.SelenideElementProxy.invoke(SelenideElementProxy.java:65)
at com.sun.proxy.$Proxy10.waitUntil(Unknown Source)
at com.pages.tko_20_DeleteON.buttonApprove(tko_20_DeleteON.java:83)
at com.pages.tko_20_DeleteON.request(tko_20_DeleteON.java:185)
at com.pages.tko_20_DeleteON.DeleteON(tko_20_DeleteON.java:231)
at com.tests.smoke.Smoke_tko_20.smoke1(Smoke_tko_20.java:18)
at sun.reflect.NativeMethodAccessorImpl.invoke0(Native Method)
at sun.reflect.NativeMethodAccessorImpl.invoke(Unknown Source)
at sun.reflect.DelegatingMethodAccessorImpl.invoke(Unknown Source)
at java.lang.reflect.Method.invoke(Unknown Source)
at org.testng.internal.MethodInvocationHelper.invokeMethod(MethodInvocationHelper.java:124)
at org.testng.internal.Invoker.invokeMethod(Invoker.java:583)
at org.testng.internal.Invoker.invokeTestMethod(Invoker.java:719)
at org.testng.internal.Invoker.invokeTestMethods(Invoker.java:989)
at org.testng.internal.TestMethodWorker.invokeTestMethods(TestMethodWorker.java:125)
at org.testng.internal.TestMethodWorker.run(TestMethodWorker.java:109)
at org.testng.TestRunner.privateRun(TestRunner.java:648)
at org.testng.TestRunner.run(TestRunner.java:505)
at org.testng.SuiteRunner.runTest(SuiteRunner.java:455)
at org.testng.SuiteRunner.runSequentially(SuiteRunner.java:450)
at org.testng.SuiteRunner.privateRun(SuiteRunner.java:415)
at org.testng.SuiteRunner.run(SuiteRunner.java:364)
at org.testng.SuiteRunnerWorker.runSuite(SuiteRunnerWorker.java:52)
at org.testng.SuiteRunnerWorker.run(SuiteRunnerWorker.java:84)
at org.testng.TestNG.runSuitesSequentially(TestNG.java:1208)
at org.testng.TestNG.runSuitesLocally(TestNG.java:1137)
at org.testng.TestNG.runSuites(TestNG.java:1049)
at org.testng.TestNG.run(TestNG.java:1017)
at org.testng.remote.AbstractRemoteTestNG.run(AbstractRemoteTestNG.java:115)
at org.testng.remote.RemoteTestNG.initAndRun(RemoteTestNG.java:251)
at org.testng.remote.RemoteTestNG.main(RemoteTestNG.java:77)
]]>
            </full-stacktrace>
          </exception> <!-- com.codeborne.selenide.ex.ElementShould -->
          <reporter-output>
            <line>
              <![CDATA[</details></b>]]>
            </line>
            <line>
              <![CDATA[<a href=..\videos\smoke1.WMV download="filename">Download video</a>]]>
            </line>
            <line>
              <![CDATA[<br><b><div align="left" style=" height:30px; width:250px; padding: 10px; border: 2px solid gray; margin: 0; background-color:#ff2500;">Class - Smoke_tko_20  TEST - smoke1 Fail! chrome</div></b>]]>
            </line>
            <line>
              <![CDATA[</b><details><summary>Show steps..</summary> <br>]]>
            </line>
          </reporter-output>
        </test-method> <!-- smoke1 -->
        <test-method status="PASS" signature="result(org.testng.ITestResult, java.lang.String)[pri:0, instance:[Smoke_tko_20 passed=0 failed=0 skipped=0]]" name="result" is-config="true" duration-ms="126" started-at="2019-07-25T06:15:56Z" finished-at="2019-07-25T06:15:56Z">
          <params>
            <param index="0">
              <value>
                <![CDATA[[TestResult name=smoke1 on [Smoke_tko_20 passed=0 failed=0 skipped=0] status=FAILURE method=Smoke_tko_20.smoke1()[pri:1, instance:[Smoke_tko_20 passed=0 failed=0 skipped=0]] output=</details></b>]]]>
              </value>
            </param>
            <param index="1">
              <value>
                <![CDATA[chrome]]>
              </value>
            </param>
          </params>
          <reporter-output>
          </reporter-output>
        </test-method> <!-- result -->
        <test-method status="PASS" signature="tearDown()[pri:0, instance:[Smoke_tko_20 passed=0 failed=0 skipped=0]]" name="tearDown" is-config="true" duration-ms="595" started-at="2019-07-25T06:15:56Z" finished-at="2019-07-25T06:15:56Z">
          <reporter-output>
          </reporter-output>
        </test-method> <!-- tearDown -->
      </class> <!-- com.tests.smoke.Smoke_tko_20 -->
    </test> <!-- SMOKE TESTS -->
  </suite> <!-- SMOKE TESTS TKO -->
</testng-results>
