<?xml version="1.0" encoding="UTF-8"?>
<testng-results skipped="0" failed="0" ignored="0" total="1" passed="1">
  <reporter-output>
    <line>
      <![CDATA[</b><details><summary>Click to see last screen...</summary> <br></b>]]>
    </line>
    <line>
      <![CDATA[Открыть http://tko-qa.groupstp.ru/app/#!/ <br>]]>
    </line>
    <line>
      <![CDATA[</details></b>]]>
    </line>
    <line>
      <![CDATA[<a href=..\videos\smoke1.WMV download="filename">Download video</a>]]>
    </line>
    <line>
      <![CDATA[<video width="320" height="240" controls>
  <source src="..\videos\smoke1.WMV" type="video/wmv">
</video>]]>
    </line>
    <line>
      <![CDATA[<br><b><div align="left" style=" height:30px; width:250px; padding: 10px;  border: 2px solid gray; margin: 0; background-color:#19FF3A;">Class - Smoke_tko_25 TEST - smoke1 OK! chrome</div></b>]]>
    </line>
  </reporter-output>
  <suite name="SMOKE TESTS TKO" duration-ms="43765" started-at="2019-07-31T10:51:29Z" finished-at="2019-07-31T10:52:12Z">
    <groups>
      <group name="smoke">
        <method signature="Smoke_tko_25.smoke1()[pri:1, instance:[Smoke_tko_25 passed=0 failed=0 skipped=0]]" name="smoke1" class="com.tests.smoke.Smoke_tko_25"/>
      </group> <!-- smoke -->
    </groups>
    <test name="SMOKE TESTS" duration-ms="43765" started-at="2019-07-31T10:51:29Z" finished-at="2019-07-31T10:52:12Z">
      <class name="com.tests.smoke.Smoke_tko_25">
        <test-method status="PASS" signature="cleanUp()[pri:0, instance:[Smoke_tko_25 passed=0 failed=0 skipped=0]]" name="cleanUp" is-config="true" duration-ms="12" started-at="2019-07-31T10:51:29Z" finished-at="2019-07-31T10:51:29Z">
          <reporter-output>
          </reporter-output>
        </test-method> <!-- cleanUp -->
        <test-method status="PASS" signature="setUp(java.lang.String, java.lang.String)[pri:0, instance:[Smoke_tko_25 passed=0 failed=0 skipped=0]]" name="setUp" is-config="true" duration-ms="6079" started-at="2019-07-31T10:51:29Z" finished-at="2019-07-31T10:51:35Z">
          <params>
            <param index="0">
              <value>
                <![CDATA[http://tko-qa.groupstp.ru/app/#!/]]>
              </value>
            </param>
            <param index="1">
              <value>
                <![CDATA[test]]>
              </value>
            </param>
          </params>
          <reporter-output>
          </reporter-output>
        </test-method> <!-- setUp -->
        <test-method status="PASS" signature="startVideo(org.testng.ITestResult, java.lang.String, java.lang.String)[pri:0, instance:[Smoke_tko_25 passed=0 failed=0 skipped=0]]" name="startVideo" is-config="true" duration-ms="848" started-at="2019-07-31T10:51:35Z" finished-at="2019-07-31T10:51:35Z">
          <params>
            <param index="0">
              <value>
                <![CDATA[[TestResult name=smoke1 on [Smoke_tko_25 passed=0 failed=0 skipped=0] status=SUCCESS method=Smoke_tko_25.smoke1()[pri:1, instance:[Smoke_tko_25 passed=0 failed=0 skipped=0]] output=</details></b>]]]>
              </value>
            </param>
            <param index="1">
              <value>
                <![CDATA[chrome]]>
              </value>
            </param>
            <param index="2">
              <value>
                <![CDATA[http://tko-qa.groupstp.ru/app/#!/]]>
              </value>
            </param>
          </params>
          <reporter-output>
            <line>
              <![CDATA[</b><details><summary>Click to see last screen...</summary> <br></b>]]>
            </line>
            <line>
              <![CDATA[Открыть http://tko-qa.groupstp.ru/app/#!/ <br>]]>
            </line>
          </reporter-output>
        </test-method> <!-- startVideo -->
        <test-method status="PASS" signature="smoke1()[pri:1, instance:[Smoke_tko_25 passed=0 failed=0 skipped=0]]" name="smoke1" duration-ms="36179" started-at="2019-07-31T10:51:35Z" finished-at="2019-07-31T10:52:12Z">
          <reporter-output>
            <line>
              <![CDATA[</details></b>]]>
            </line>
            <line>
              <![CDATA[<a href=..\videos\smoke1.WMV download="filename">Download video</a>]]>
            </line>
            <line>
              <![CDATA[<video width="320" height="240" controls>
  <source src="..\videos\smoke1.WMV" type="video/wmv">
</video>]]>
            </line>
            <line>
              <![CDATA[<br><b><div align="left" style=" height:30px; width:250px; padding: 10px;  border: 2px solid gray; margin: 0; background-color:#19FF3A;">Class - Smoke_tko_25 TEST - smoke1 OK! chrome</div></b>]]>
            </line>
          </reporter-output>
        </test-method> <!-- smoke1 -->
        <test-method status="PASS" signature="result(org.testng.ITestResult, java.lang.String)[pri:0, instance:[Smoke_tko_25 passed=0 failed=0 skipped=0]]" name="result" is-config="true" duration-ms="51" started-at="2019-07-31T10:52:12Z" finished-at="2019-07-31T10:52:12Z">
          <params>
            <param index="0">
              <value>
                <![CDATA[[TestResult name=smoke1 on [Smoke_tko_25 passed=0 failed=0 skipped=0] status=SUCCESS method=Smoke_tko_25.smoke1()[pri:1, instance:[Smoke_tko_25 passed=0 failed=0 skipped=0]] output=</details></b>]]]>
              </value>
            </param>
            <param index="1">
              <value>
                <![CDATA[chrome]]>
              </value>
            </param>
          </params>
          <reporter-output>
          </reporter-output>
        </test-method> <!-- result -->
        <test-method status="PASS" signature="tearDown()[pri:0, instance:[Smoke_tko_25 passed=0 failed=0 skipped=0]]" name="tearDown" is-config="true" duration-ms="594" started-at="2019-07-31T10:52:12Z" finished-at="2019-07-31T10:52:12Z">
          <reporter-output>
          </reporter-output>
        </test-method> <!-- tearDown -->
      </class> <!-- com.tests.smoke.Smoke_tko_25 -->
    </test> <!-- SMOKE TESTS -->
  </suite> <!-- SMOKE TESTS TKO -->
</testng-results>
